15:47:13 **** Incremental Build of configuration Debug for project 13-CameraTPS ****
make all 
Building file: ../src/Box.cpp
Invoking: GCC C++ Compiler
g++ -std=c++0x -O0 -g3 -Wall -c -fmessage-length=0 -MMD -MP -MF"src/Box.d" -MT"src/Box.o" -o "src/Box.o" "../src/Box.cpp"
Finished building: ../src/Box.cpp
 
Building file: ../src/Cylinder.cpp
Invoking: GCC C++ Compiler
g++ -std=c++0x -O0 -g3 -Wall -c -fmessage-length=0 -MMD -MP -MF"src/Cylinder.d" -MT"src/Cylinder.o" -o "src/Cylinder.o" "../src/Cylinder.cpp"
Finished building: ../src/Cylinder.cpp
 
Building file: ../src/FirstPersonCamera.cpp
Invoking: GCC C++ Compiler
g++ -std=c++0x -O0 -g3 -Wall -c -fmessage-length=0 -MMD -MP -MF"src/FirstPersonCamera.d" -MT"src/FirstPersonCamera.o" -o "src/FirstPersonCamera.o" "../src/FirstPersonCamera.cpp"
Finished building: ../src/FirstPersonCamera.cpp
 
Building file: ../src/Mesh.cpp
Invoking: GCC C++ Compiler
g++ -std=c++0x -O0 -g3 -Wall -c -fmessage-length=0 -MMD -MP -MF"src/Mesh.d" -MT"src/Mesh.o" -o "src/Mesh.o" "../src/Mesh.cpp"
Finished building: ../src/Mesh.cpp
 
Building file: ../src/Model.cpp
Invoking: GCC C++ Compiler
g++ -std=c++0x -O0 -g3 -Wall -c -fmessage-length=0 -MMD -MP -MF"src/Model.d" -MT"src/Model.o" -o "src/Model.o" "../src/Model.cpp"
../src/Model.cpp: In destructor ‘virtual Model::~Model()’:
../src/Model.cpp:16:20: warning: comparison between signed and unsigned integer expressions [-Wsign-compare]
  for (int i = 0; i < this->textureLoaded.size(); i++)
                  ~~^~~~~~~~~~~~~~~~~~~~~~~~~~~~
Finished building: ../src/Model.cpp
 
Building file: ../src/Shader.cpp
Invoking: GCC C++ Compiler
g++ -std=c++0x -O0 -g3 -Wall -c -fmessage-length=0 -MMD -MP -MF"src/Shader.d" -MT"src/Shader.o" -o "src/Shader.o" "../src/Shader.cpp"
Finished building: ../src/Shader.cpp
 
Building file: ../src/Sphere.cpp
Invoking: GCC C++ Compiler
g++ -std=c++0x -O0 -g3 -Wall -c -fmessage-length=0 -MMD -MP -MF"src/Sphere.d" -MT"src/Sphere.o" -o "src/Sphere.o" "../src/Sphere.cpp"
Finished building: ../src/Sphere.cpp
 
Building file: ../src/Texture.cpp
Invoking: GCC C++ Compiler
g++ -std=c++0x -O0 -g3 -Wall -c -fmessage-length=0 -MMD -MP -MF"src/Texture.d" -MT"src/Texture.o" -o "src/Texture.o" "../src/Texture.cpp"
Finished building: ../src/Texture.cpp
 
Building file: ../src/ThirdPersonCamera.cpp
Invoking: GCC C++ Compiler
g++ -std=c++0x -O0 -g3 -Wall -c -fmessage-length=0 -MMD -MP -MF"src/ThirdPersonCamera.d" -MT"src/ThirdPersonCamera.o" -o "src/ThirdPersonCamera.o" "../src/ThirdPersonCamera.cpp"
Finished building: ../src/ThirdPersonCamera.cpp
 
Building file: ../src/TimeManager.cpp
Invoking: GCC C++ Compiler
g++ -std=c++0x -O0 -g3 -Wall -c -fmessage-length=0 -MMD -MP -MF"src/TimeManager.d" -MT"src/TimeManager.o" -o "src/TimeManager.o" "../src/TimeManager.cpp"
../src/TimeManager.cpp: In member function ‘double TimeManager::CalculateFrameRate(bool)’:
../src/TimeManager.cpp:15:14: warning: unused variable ‘strFrameRate’ [-Wunused-variable]
  static char strFrameRate[50] = { 0 }; // Almacenamos la cadena para el titulo de la ventana
              ^~~~~~~~~~~~
../src/TimeManager.cpp: At global scope:
../src/TimeManager.cpp:15:14: warning: ‘strFrameRate’ defined but not used [-Wunused-variable]
Finished building: ../src/TimeManager.cpp
 
Building file: ../src/main.cpp
Invoking: GCC C++ Compiler
g++ -std=c++0x -O0 -g3 -Wall -c -fmessage-length=0 -MMD -MP -MF"src/main.d" -MT"src/main.o" -o "src/main.o" "../src/main.cpp"
In file included from ../src/main.cpp:30:0:
../src/Headers/AnimationUtils.h: In function ‘std::vector<std::vector<glm::mat<4, 4, float, (glm::qualifier)0> > > getKeyFrames(std::__cxx11::string)’:
../src/Headers/AnimationUtils.h:70:8: warning: unused variable ‘j’ [-Wunused-variable]
    int j = 0;
        ^
../src/main.cpp: In function ‘void init(int, int, std::__cxx11::string, bool)’:
../src/main.cpp:359:20: warning: comparison between signed and unsigned integer expressions [-Wsign-compare]
  for (int i = 0; i < ARRAY_SIZE_IN_ELEMENTS(types); i++) {
                    ^
../src/main.cpp: In function ‘void applicationLoop()’:
../src/main.cpp:937:29: warning: comparison between signed and unsigned integer expressions [-Wsign-compare]
    if (indexFrameJointsNext > keyFramesJoints.size() - 1)
        ~~~~~~~~~~~~~~~~~~~~~^~~~~~~~~~~~~~~~~~~~~~~~~~~~
Finished building: ../src/main.cpp
 
Building target: 13-CameraTPS
Invoking: GCC C++ Linker
g++  -o "13-CameraTPS"  ./src/Box.o ./src/Cylinder.o ./src/FirstPersonCamera.o ./src/Mesh.o ./src/Model.o ./src/Shader.o ./src/Sphere.o ./src/Texture.o ./src/ThirdPersonCamera.o ./src/TimeManager.o ./src/main.o   -lglut -lglfw -lGLEW -lGLU -lGL -lfreeimage -lassimp
Finished building target: 13-CameraTPS
 

15:47:32 Build Finished. 0 errors, 6 warnings. (took 18s.782ms)

