16:05:43 **** Incremental Build of configuration Debug for project 18-Particulas ****
make all 
Building file: ../src/main.cpp
Invoking: GCC C++ Compiler
g++ -std=c++0x -O0 -g3 -Wall -c -fmessage-length=0 -MMD -MP -MF"src/main.d" -MT"src/main.o" -o "src/main.o" "../src/main.cpp"
In file included from ../src/main.cpp:31:0:
../src/Headers/AnimationUtils.h: In function ‘std::vector<std::vector<glm::mat<4, 4, float, (glm::qualifier)0> > > getKeyFrames(std::__cxx11::string)’:
../src/Headers/AnimationUtils.h:70:8: warning: unused variable ‘j’ [-Wunused-variable]
    int j = 0;
        ^
../src/main.cpp: In function ‘void init(int, int, std::__cxx11::string, bool)’:
../src/main.cpp:512:20: warning: comparison between signed and unsigned integer expressions [-Wsign-compare]
  for (int i = 0; i < ARRAY_SIZE_IN_ELEMENTS(types); i++) {
                    ^
../src/main.cpp: In function ‘void applicationLoop()’:
../src/main.cpp:1108:29: warning: comparison between signed and unsigned integer expressions [-Wsign-compare]
    if (indexFrameJointsNext > keyFramesJoints.size() - 1)
        ~~~~~~~~~~~~~~~~~~~~~^~~~~~~~~~~~~~~~~~~~~~~~~~~~
Finished building: ../src/main.cpp
 
Building target: 18-Particulas
Invoking: GCC C++ Linker
g++  -o "18-Particulas"  ./src/Box.o ./src/Cylinder.o ./src/FirstPersonCamera.o ./src/Mesh.o ./src/Model.o ./src/Shader.o ./src/Sphere.o ./src/Texture.o ./src/ThirdPersonCamera.o ./src/TimeManager.o ./src/main.o   -lglut -lglfw -lGLEW -lGLU -lGL -lfreeimage -lassimp
Finished building target: 18-Particulas
 

16:05:47 Build Finished. 0 errors, 3 warnings. (took 4s.532ms)

