15:56:45 **** Incremental Build of configuration Debug for project 21-OpenAL ****
make all 
Building file: ../src/main.cpp
Invoking: GCC C++ Compiler
g++ -std=c++0x -O0 -g3 -Wall -c -fmessage-length=0 -MMD -MP -MF"src/main.d" -MT"src/main.o" -o "src/main.o" "../src/main.cpp"
In file included from ../src/main.cpp:30:0:
../src/Headers/AnimationUtils.h: In function ‘std::vector<std::vector<glm::mat<4, 4, float, (glm::qualifier)0> > > getKeyFrames(std::__cxx11::string)’:
../src/Headers/AnimationUtils.h:70:8: warning: unused variable ‘j’ [-Wunused-variable]
    int j = 0;
        ^
../src/main.cpp: In function ‘void init(int, int, std::__cxx11::string, bool)’:
../src/main.cpp:465:20: warning: comparison between signed and unsigned integer expressions [-Wsign-compare]
  for (int i = 0; i < ARRAY_SIZE_IN_ELEMENTS(types); i++) {
                    ^
../src/main.cpp: In function ‘void applicationLoop()’:
../src/main.cpp:740:8: warning: unused variable ‘angle’ [-Wunused-variable]
  float angle = 0.0;
        ^~~~~
../src/main.cpp:741:8: warning: unused variable ‘ratio’ [-Wunused-variable]
  float ratio = 5.0;
        ^~~~~
../src/main.cpp:742:12: warning: variable ‘off’ set but not used [-Wunused-but-set-variable]
  glm::vec2 off = glm::vec2(0.0, 0.0);
            ^~~
../src/main.cpp:747:6: warning: unused variable ‘state’ [-Wunused-variable]
  int state = 0;
      ^~~~~
../src/main.cpp:748:8: warning: unused variable ‘offsetAircraft’ [-Wunused-variable]
  float offsetAircraft = 0.0;
        ^~~~~~~~~~~~~~
Finished building: ../src/main.cpp
 
Building target: 21-OpenAL
Invoking: GCC C++ Linker
g++  -o "21-OpenAL"  ./src/Box.o ./src/Cylinder.o ./src/FirstPersonCamera.o ./src/Mesh.o ./src/Model.o ./src/Shader.o ./src/Sphere.o ./src/Texture.o ./src/ThirdPersonCamera.o ./src/TimeManager.o ./src/main.o   -lglut -lglfw -lGLEW -lGLU -lGL -lfreeimage -lassimp -lopenal -lalut
Finished building target: 21-OpenAL
 

15:56:49 Build Finished. 0 errors, 7 warnings. (took 4s.92ms)

