10:52:45 **** Build of configuration Debug for project CommonSharedLib ****
make all 
Building file: ../src/Bones.cpp
Invoking: GCC C++ Compiler
g++ -std=c++0x -O0 -g3 -Wall -c -fmessage-length=0 -fPIC -MMD -MP -MF"src/Bones.d" -MT"src/Bones.o" -o "src/Bones.o" "../src/Bones.cpp"
../src/Bones.cpp: In member function ‘void Bones::bonesTransform(float, std::vector<glm::mat<4, 4, float, (glm::qualifier)0> >&, const aiScene*)’:
../src/Bones.cpp:88:29: warning: comparison between signed and unsigned integer expressions [-Wsign-compare]
  for (unsigned int i = 0; i < m_NumBones; i++) {
                           ~~^~~~~~~~~~~~
Finished building: ../src/Bones.cpp
 
Building file: ../src/Box.cpp
Invoking: GCC C++ Compiler
g++ -std=c++0x -O0 -g3 -Wall -c -fmessage-length=0 -fPIC -MMD -MP -MF"src/Box.d" -MT"src/Box.o" -o "src/Box.o" "../src/Box.cpp"
Finished building: ../src/Box.cpp
 
Building file: ../src/Cylinder.cpp
Invoking: GCC C++ Compiler
g++ -std=c++0x -O0 -g3 -Wall -c -fmessage-length=0 -fPIC -MMD -MP -MF"src/Cylinder.d" -MT"src/Cylinder.o" -o "src/Cylinder.o" "../src/Cylinder.cpp"
Finished building: ../src/Cylinder.cpp
 
Building file: ../src/FirstPersonCamera.cpp
Invoking: GCC C++ Compiler
g++ -std=c++0x -O0 -g3 -Wall -c -fmessage-length=0 -fPIC -MMD -MP -MF"src/FirstPersonCamera.d" -MT"src/FirstPersonCamera.o" -o "src/FirstPersonCamera.o" "../src/FirstPersonCamera.cpp"
Finished building: ../src/FirstPersonCamera.cpp
 
Building file: ../src/Mesh.cpp
Invoking: GCC C++ Compiler
g++ -std=c++0x -O0 -g3 -Wall -c -fmessage-length=0 -fPIC -MMD -MP -MF"src/Mesh.d" -MT"src/Mesh.o" -o "src/Mesh.o" "../src/Mesh.cpp"
Finished building: ../src/Mesh.cpp
 
Building file: ../src/Model.cpp
Invoking: GCC C++ Compiler
g++ -std=c++0x -O0 -g3 -Wall -c -fmessage-length=0 -fPIC -MMD -MP -MF"src/Model.d" -MT"src/Model.o" -o "src/Model.o" "../src/Model.cpp"
../src/Model.cpp: In destructor ‘virtual Model::~Model()’:
../src/Model.cpp:25:24: warning: deleting object of polymorphic class type ‘Mesh’ which has non-virtual destructor might cause undefined behavior [-Wdelete-non-virtual-dtor]
   delete this->meshes[i];
                        ^
../src/Model.cpp:27:20: warning: comparison between signed and unsigned integer expressions [-Wsign-compare]
  for (int i = 0; i < this->textureLoaded.size(); i++)
                  ~~^~~~~~~~~~~~~~~~~~~~~~~~~~~~
Finished building: ../src/Model.cpp
 
Building file: ../src/Shader.cpp
Invoking: GCC C++ Compiler
g++ -std=c++0x -O0 -g3 -Wall -c -fmessage-length=0 -fPIC -MMD -MP -MF"src/Shader.d" -MT"src/Shader.o" -o "src/Shader.o" "../src/Shader.cpp"
Finished building: ../src/Shader.cpp
 
Building file: ../src/Sphere.cpp
Invoking: GCC C++ Compiler
g++ -std=c++0x -O0 -g3 -Wall -c -fmessage-length=0 -fPIC -MMD -MP -MF"src/Sphere.d" -MT"src/Sphere.o" -o "src/Sphere.o" "../src/Sphere.cpp"
Finished building: ../src/Sphere.cpp
 
Building file: ../src/Terrain.cpp
Invoking: GCC C++ Compiler
g++ -std=c++0x -O0 -g3 -Wall -c -fmessage-length=0 -fPIC -MMD -MP -MF"src/Terrain.d" -MT"src/Terrain.o" -o "src/Terrain.o" "../src/Terrain.cpp"
Finished building: ../src/Terrain.cpp
 
Building file: ../src/Texture.cpp
Invoking: GCC C++ Compiler
g++ -std=c++0x -O0 -g3 -Wall -c -fmessage-length=0 -fPIC -MMD -MP -MF"src/Texture.d" -MT"src/Texture.o" -o "src/Texture.o" "../src/Texture.cpp"
Finished building: ../src/Texture.cpp
 
Building file: ../src/ThirdPersonCamera.cpp
Invoking: GCC C++ Compiler
g++ -std=c++0x -O0 -g3 -Wall -c -fmessage-length=0 -fPIC -MMD -MP -MF"src/ThirdPersonCamera.d" -MT"src/ThirdPersonCamera.o" -o "src/ThirdPersonCamera.o" "../src/ThirdPersonCamera.cpp"
Finished building: ../src/ThirdPersonCamera.cpp
 
Building file: ../src/TimeManager.cpp
Invoking: GCC C++ Compiler
g++ -std=c++0x -O0 -g3 -Wall -c -fmessage-length=0 -fPIC -MMD -MP -MF"src/TimeManager.d" -MT"src/TimeManager.o" -o "src/TimeManager.o" "../src/TimeManager.cpp"
../src/TimeManager.cpp: In member function ‘double TimeManager::CalculateFrameRate(bool)’:
../src/TimeManager.cpp:15:14: warning: unused variable ‘strFrameRate’ [-Wunused-variable]
  static char strFrameRate[50] = { 0 }; // Almacenamos la cadena para el titulo de la ventana
              ^~~~~~~~~~~~
../src/TimeManager.cpp: At global scope:
../src/TimeManager.cpp:15:14: warning: ‘strFrameRate’ defined but not used [-Wunused-variable]
Finished building: ../src/TimeManager.cpp
 
Building target: libCommonSharedLib.so
Invoking: GCC C++ Linker
g++ -shared -o "libCommonSharedLib.so"  ./src/Bones.o ./src/Box.o ./src/Cylinder.o ./src/FirstPersonCamera.o ./src/Mesh.o ./src/Model.o ./src/Shader.o ./src/Sphere.o ./src/Terrain.o ./src/Texture.o ./src/ThirdPersonCamera.o ./src/TimeManager.o   -lglut -lglfw -lGLEW -lGLU -lGL -lfreeimage -lassimp
Finished building target: libCommonSharedLib.so
 

10:53:12 Build Finished. 0 errors, 5 warnings. (took 26s.721ms)

