01:31:03 **** Clean-only build of configuration Debug for project 03-Terrain ****
make clean 
rm -rf  ./src/main.o  ./src/main.d  ../../Debug/02-Terrain
 
01:31:03 **** Build of configuration Debug for project 03-Terrain ****
make all 
Building file: ../src/main.cpp
Invoking: GCC C++ Compiler
g++ -std=c++0x -I"/opt/codigo/openGL/ComputacionGraficaAvanzada/03-Terrain/../CGALib/include" -O0 -g3 -Wall -c -fmessage-length=0 -MMD -MP -MF"src/main.d" -MT"src/main.o" -o "src/main.o" "../src/main.cpp"
In file included from ../src/main.cpp:31:0:
/opt/codigo/openGL/ComputacionGraficaAvanzada/03-Terrain/../CGALib/include/Headers/AnimationUtils.h: In function ‘std::vector<std::vector<glm::mat<4, 4, float, (glm::qualifier)0> > > getKeyFrames(std::__cxx11::string)’:
/opt/codigo/openGL/ComputacionGraficaAvanzada/03-Terrain/../CGALib/include/Headers/AnimationUtils.h:70:8: warning: unused variable ‘j’ [-Wunused-variable]
    int j = 0;
        ^
../src/main.cpp: In function ‘void init(int, int, std::__cxx11::string, bool)’:
../src/main.cpp:465:20: warning: comparison between signed and unsigned integer expressions [-Wsign-compare]
  for (int i = 0; i < ARRAY_SIZE_IN_ELEMENTS(types); i++) {
                    ^
../src/main.cpp: In function ‘void applicationLoop()’:
../src/main.cpp:1093:29: warning: comparison between signed and unsigned integer expressions [-Wsign-compare]
    if (indexFrameJointsNext > keyFramesJoints.size() - 1)
        ~~~~~~~~~~~~~~~~~~~~~^~~~~~~~~~~~~~~~~~~~~~~~~~~~
Finished building: ../src/main.cpp
 
Building target: ../../Debug/03-Terrain
Invoking: GCC C++ Linker
g++ -L"/opt/codigo/openGL/ComputacionGraficaAvanzada/03-Terrain/../Debug" -o "../../Debug/03-Terrain"  ./src/main.o   -lglut -lglfw -lGLEW -lGLU -lGL -lfreeimage -lassimp -lCGALib
Finished building target: ../../Debug/03-Terrain
 
01:35:56 **** Incremental Build of configuration Debug for project 01-AnimacionKeyFrames ****
make all 
make: Nothing to be done for 'all'.
01:35:57 **** Incremental Build of configuration Debug for project 02-SkeletonAnimation ****
make all 
make: Nothing to be done for 'all'.
01:35:57 **** Incremental Build of configuration Debug for project 03-Terrain ****
make all 
make: Nothing to be done for 'all'.
01:35:57 **** Clean-only build of configuration Debug for project 04-TerrainBlendMap ****
make clean 
rm -rf  ./src/main.o  ./src/main.d  ../../Debug/02-Terrain
 
01:35:57 **** Build of configuration Debug for project 04-TerrainBlendMap ****
make all 
Building file: ../src/main.cpp
Invoking: GCC C++ Compiler
g++ -std=c++0x -I"/opt/codigo/openGL/ComputacionGraficaAvanzada/04-TerrainBlendMap/../CGALib/include" -O0 -g3 -Wall -c -fmessage-length=0 -MMD -MP -MF"src/main.d" -MT"src/main.o" -o "src/main.o" "../src/main.cpp"
In file included from ../src/main.cpp:31:0:
/opt/codigo/openGL/ComputacionGraficaAvanzada/04-TerrainBlendMap/../CGALib/include/Headers/AnimationUtils.h: In function ‘std::vector<std::vector<glm::mat<4, 4, float, (glm::qualifier)0> > > getKeyFrames(std::__cxx11::string)’:
/opt/codigo/openGL/ComputacionGraficaAvanzada/04-TerrainBlendMap/../CGALib/include/Headers/AnimationUtils.h:70:8: warning: unused variable ‘j’ [-Wunused-variable]
    int j = 0;
        ^
../src/main.cpp: In function ‘void init(int, int, std::__cxx11::string, bool)’:
../src/main.cpp:465:20: warning: comparison between signed and unsigned integer expressions [-Wsign-compare]
  for (int i = 0; i < ARRAY_SIZE_IN_ELEMENTS(types); i++) {
                    ^
../src/main.cpp: In function ‘void applicationLoop()’:
../src/main.cpp:1093:29: warning: comparison between signed and unsigned integer expressions [-Wsign-compare]
    if (indexFrameJointsNext > keyFramesJoints.size() - 1)
        ~~~~~~~~~~~~~~~~~~~~~^~~~~~~~~~~~~~~~~~~~~~~~~~~~
Finished building: ../src/main.cpp
 
Building target: ../../Debug/04-TerrainBlendMap
Invoking: GCC C++ Linker
g++ -L"/opt/codigo/openGL/ComputacionGraficaAvanzada/04-TerrainBlendMap/../Debug" -o "../../Debug/04-TerrainBlendMap"  ./src/main.o   -lglut -lglfw -lGLEW -lGLU -lGL -lfreeimage -lassimp -lCGALib
Finished building target: ../../Debug/04-TerrainBlendMap
 
01:36:00 **** Clean-only build of configuration Debug for project 05-MultipleLights ****
make clean 
rm -rf  ./src/main.o  ./src/main.d  ../../Debug/02-Terrain
 
01:36:01 **** Build of configuration Debug for project 05-MultipleLights ****
make all 
Building file: ../src/main.cpp
Invoking: GCC C++ Compiler
g++ -std=c++0x -I"/opt/codigo/openGL/ComputacionGraficaAvanzada/05-MultipleLights/../CGALib/include" -O0 -g3 -Wall -c -fmessage-length=0 -MMD -MP -MF"src/main.d" -MT"src/main.o" -o "src/main.o" "../src/main.cpp"
In file included from ../src/main.cpp:31:0:
/opt/codigo/openGL/ComputacionGraficaAvanzada/05-MultipleLights/../CGALib/include/Headers/AnimationUtils.h: In function ‘std::vector<std::vector<glm::mat<4, 4, float, (glm::qualifier)0> > > getKeyFrames(std::__cxx11::string)’:
/opt/codigo/openGL/ComputacionGraficaAvanzada/05-MultipleLights/../CGALib/include/Headers/AnimationUtils.h:70:8: warning: unused variable ‘j’ [-Wunused-variable]
    int j = 0;
        ^
../src/main.cpp: In function ‘void init(int, int, std::__cxx11::string, bool)’:
../src/main.cpp:465:20: warning: comparison between signed and unsigned integer expressions [-Wsign-compare]
  for (int i = 0; i < ARRAY_SIZE_IN_ELEMENTS(types); i++) {
                    ^
../src/main.cpp: In function ‘void applicationLoop()’:
../src/main.cpp:1093:29: warning: comparison between signed and unsigned integer expressions [-Wsign-compare]
    if (indexFrameJointsNext > keyFramesJoints.size() - 1)
        ~~~~~~~~~~~~~~~~~~~~~^~~~~~~~~~~~~~~~~~~~~~~~~~~~
Finished building: ../src/main.cpp
 
Building target: ../../Debug/05-MultipleLights
Invoking: GCC C++ Linker
g++ -L"/opt/codigo/openGL/ComputacionGraficaAvanzada/05-MultipleLights/../Debug" -o "../../Debug/05-MultipleLights"  ./src/main.o   -lglut -lglfw -lGLEW -lGLU -lGL -lfreeimage -lassimp -lCGALib
Finished building target: ../../Debug/05-MultipleLights
 
01:36:04 **** Build of configuration Debug for project 06-CameraTPS ****
make all 
Building target: ../../Debug/06-CameraTPS
Invoking: GCC C++ Linker
g++ -L"/opt/codigo/openGL/ComputacionGraficaAvanzada/06-CameraTPS/../Debug" -o "../../Debug/06-CameraTPS"  ./src/main.o   -lglut -lglfw -lGLEW -lGLU -lGL -lfreeimage -lassimp -lCGALib
Finished building target: ../../Debug/06-CameraTPS
 
01:36:04 **** Clean-only build of configuration Debug for project 07-Colisiones ****
make clean 
rm -rf  ./src/main.o  ./src/main.d  ../../Debug/01-AnimacionKeyFrames
 
01:36:04 **** Build of configuration Debug for project 07-Colisiones ****
make all 
Building file: ../src/main.cpp
Invoking: GCC C++ Compiler
g++ -std=c++0x -I"/opt/codigo/openGL/ComputacionGraficaAvanzada/07-Colisiones/../CGALib/include" -O0 -g3 -Wall -c -fmessage-length=0 -MMD -MP -MF"src/main.d" -MT"src/main.o" -o "src/main.o" "../src/main.cpp"
In file included from ../src/main.cpp:29:0:
/opt/codigo/openGL/ComputacionGraficaAvanzada/07-Colisiones/../CGALib/include/Headers/AnimationUtils.h: In function ‘std::vector<std::vector<glm::mat<4, 4, float, (glm::qualifier)0> > > getKeyFrames(std::__cxx11::string)’:
/opt/codigo/openGL/ComputacionGraficaAvanzada/07-Colisiones/../CGALib/include/Headers/AnimationUtils.h:70:8: warning: unused variable ‘j’ [-Wunused-variable]
    int j = 0;
        ^
../src/main.cpp: In function ‘void init(int, int, std::__cxx11::string, bool)’:
../src/main.cpp:305:20: warning: comparison between signed and unsigned integer expressions [-Wsign-compare]
  for (int i = 0; i < ARRAY_SIZE_IN_ELEMENTS(types); i++) {
                    ^
../src/main.cpp: In function ‘void applicationLoop()’:
../src/main.cpp:843:18: warning: comparison between signed and unsigned integer expressions [-Wsign-compare]
    if (indexNext > keyFrames.size() - 1){
        ~~~~~~~~~~^~~~~~~~~~~~~~~~~~~~~~
Finished building: ../src/main.cpp
 
Building target: ../../Debug/07-Colisiones
Invoking: GCC C++ Linker
g++ -L"/opt/codigo/openGL/ComputacionGraficaAvanzada/07-Colisiones/../Debug" -o "../../Debug/07-Colisiones"  ./src/main.o   -lglut -lglfw -lGLEW -lGLU -lGL -lfreeimage -lassimp -lCGALib
Finished building target: ../../Debug/07-Colisiones
 
01:36:07 **** Clean-only build of configuration Debug for project 08-DepthTesting ****
make clean 
rm -rf  ./src/main.o  ./src/main.d  ../../Debug/01-AnimacionKeyFrames
 
01:36:08 **** Build of configuration Debug for project 08-DepthTesting ****
make all 
Building file: ../src/main.cpp
Invoking: GCC C++ Compiler
g++ -std=c++0x -I"/opt/codigo/openGL/ComputacionGraficaAvanzada/08-DepthTesting/../CGALib/include" -O0 -g3 -Wall -c -fmessage-length=0 -MMD -MP -MF"src/main.d" -MT"src/main.o" -o "src/main.o" "../src/main.cpp"
In file included from ../src/main.cpp:29:0:
/opt/codigo/openGL/ComputacionGraficaAvanzada/08-DepthTesting/../CGALib/include/Headers/AnimationUtils.h: In function ‘std::vector<std::vector<glm::mat<4, 4, float, (glm::qualifier)0> > > getKeyFrames(std::__cxx11::string)’:
/opt/codigo/openGL/ComputacionGraficaAvanzada/08-DepthTesting/../CGALib/include/Headers/AnimationUtils.h:70:8: warning: unused variable ‘j’ [-Wunused-variable]
    int j = 0;
        ^
../src/main.cpp: In function ‘void init(int, int, std::__cxx11::string, bool)’:
../src/main.cpp:305:20: warning: comparison between signed and unsigned integer expressions [-Wsign-compare]
  for (int i = 0; i < ARRAY_SIZE_IN_ELEMENTS(types); i++) {
                    ^
../src/main.cpp: In function ‘void applicationLoop()’:
../src/main.cpp:843:18: warning: comparison between signed and unsigned integer expressions [-Wsign-compare]
    if (indexNext > keyFrames.size() - 1){
        ~~~~~~~~~~^~~~~~~~~~~~~~~~~~~~~~
Finished building: ../src/main.cpp
 
Building target: ../../Debug/08-DepthTesting
Invoking: GCC C++ Linker
g++ -L"/opt/codigo/openGL/ComputacionGraficaAvanzada/08-DepthTesting/../Debug" -o "../../Debug/08-DepthTesting"  ./src/main.o   -lglut -lglfw -lGLEW -lGLU -lGL -lfreeimage -lassimp -lCGALib
Finished building target: ../../Debug/08-DepthTesting
 
01:36:11 **** Clean-only build of configuration Debug for project 09-Blending ****
make clean 
rm -rf  ./src/main.o  ./src/main.d  ../../Debug/01-AnimacionKeyFrames
 
01:36:11 **** Build of configuration Debug for project 09-Blending ****
make all 
Building file: ../src/main.cpp
Invoking: GCC C++ Compiler
g++ -std=c++0x -I"/opt/codigo/openGL/ComputacionGraficaAvanzada/09-Blending/../CGALib/include" -O0 -g3 -Wall -c -fmessage-length=0 -MMD -MP -MF"src/main.d" -MT"src/main.o" -o "src/main.o" "../src/main.cpp"
In file included from ../src/main.cpp:29:0:
/opt/codigo/openGL/ComputacionGraficaAvanzada/09-Blending/../CGALib/include/Headers/AnimationUtils.h: In function ‘std::vector<std::vector<glm::mat<4, 4, float, (glm::qualifier)0> > > getKeyFrames(std::__cxx11::string)’:
/opt/codigo/openGL/ComputacionGraficaAvanzada/09-Blending/../CGALib/include/Headers/AnimationUtils.h:70:8: warning: unused variable ‘j’ [-Wunused-variable]
    int j = 0;
        ^
../src/main.cpp: In function ‘void init(int, int, std::__cxx11::string, bool)’:
../src/main.cpp:305:20: warning: comparison between signed and unsigned integer expressions [-Wsign-compare]
  for (int i = 0; i < ARRAY_SIZE_IN_ELEMENTS(types); i++) {
                    ^
../src/main.cpp: In function ‘void applicationLoop()’:
../src/main.cpp:843:18: warning: comparison between signed and unsigned integer expressions [-Wsign-compare]
    if (indexNext > keyFrames.size() - 1){
        ~~~~~~~~~~^~~~~~~~~~~~~~~~~~~~~~
Finished building: ../src/main.cpp
 
Building target: ../../Debug/09-Blending
Invoking: GCC C++ Linker
g++ -L"/opt/codigo/openGL/ComputacionGraficaAvanzada/09-Blending/../Debug" -o "../../Debug/09-Blending"  ./src/main.o   -lglut -lglfw -lGLEW -lGLU -lGL -lfreeimage -lassimp -lCGALib
Finished building target: ../../Debug/09-Blending
 
01:36:14 **** Clean-only build of configuration Debug for project 10-Fog ****
make clean 
rm -rf  ./src/main.o  ./src/main.d  ../../Debug/01-AnimacionKeyFrames
 
01:36:15 **** Build of configuration Debug for project 10-Fog ****
make all 
Building file: ../src/main.cpp
Invoking: GCC C++ Compiler
g++ -std=c++0x -I"/opt/codigo/openGL/ComputacionGraficaAvanzada/10-Fog/../CGALib/include" -O0 -g3 -Wall -c -fmessage-length=0 -MMD -MP -MF"src/main.d" -MT"src/main.o" -o "src/main.o" "../src/main.cpp"
In file included from ../src/main.cpp:29:0:
/opt/codigo/openGL/ComputacionGraficaAvanzada/10-Fog/../CGALib/include/Headers/AnimationUtils.h: In function ‘std::vector<std::vector<glm::mat<4, 4, float, (glm::qualifier)0> > > getKeyFrames(std::__cxx11::string)’:
/opt/codigo/openGL/ComputacionGraficaAvanzada/10-Fog/../CGALib/include/Headers/AnimationUtils.h:70:8: warning: unused variable ‘j’ [-Wunused-variable]
    int j = 0;
        ^
../src/main.cpp: In function ‘void init(int, int, std::__cxx11::string, bool)’:
../src/main.cpp:305:20: warning: comparison between signed and unsigned integer expressions [-Wsign-compare]
  for (int i = 0; i < ARRAY_SIZE_IN_ELEMENTS(types); i++) {
                    ^
../src/main.cpp: In function ‘void applicationLoop()’:
../src/main.cpp:843:18: warning: comparison between signed and unsigned integer expressions [-Wsign-compare]
    if (indexNext > keyFrames.size() - 1){
        ~~~~~~~~~~^~~~~~~~~~~~~~~~~~~~~~
Finished building: ../src/main.cpp
 
Building target: ../../Debug/10-Fog
Invoking: GCC C++ Linker
g++ -L"/opt/codigo/openGL/ComputacionGraficaAvanzada/10-Fog/../Debug" -o "../../Debug/10-Fog"  ./src/main.o   -lglut -lglfw -lGLEW -lGLU -lGL -lfreeimage -lassimp -lCGALib
Finished building target: ../../Debug/10-Fog
 
01:36:18 **** Clean-only build of configuration Debug for project 11-Particulas ****
make clean 
rm -rf  ./src/main.o  ./src/main.d  ../../Debug/01-AnimacionKeyFrames
 
01:36:18 **** Build of configuration Debug for project 11-Particulas ****
make all 
Building file: ../src/main.cpp
Invoking: GCC C++ Compiler
g++ -std=c++0x -I"/opt/codigo/openGL/ComputacionGraficaAvanzada/11-Particulas/../CGALib/include" -O0 -g3 -Wall -c -fmessage-length=0 -MMD -MP -MF"src/main.d" -MT"src/main.o" -o "src/main.o" "../src/main.cpp"
In file included from ../src/main.cpp:29:0:
/opt/codigo/openGL/ComputacionGraficaAvanzada/11-Particulas/../CGALib/include/Headers/AnimationUtils.h: In function ‘std::vector<std::vector<glm::mat<4, 4, float, (glm::qualifier)0> > > getKeyFrames(std::__cxx11::string)’:
/opt/codigo/openGL/ComputacionGraficaAvanzada/11-Particulas/../CGALib/include/Headers/AnimationUtils.h:70:8: warning: unused variable ‘j’ [-Wunused-variable]
    int j = 0;
        ^
../src/main.cpp: In function ‘void init(int, int, std::__cxx11::string, bool)’:
../src/main.cpp:305:20: warning: comparison between signed and unsigned integer expressions [-Wsign-compare]
  for (int i = 0; i < ARRAY_SIZE_IN_ELEMENTS(types); i++) {
                    ^
../src/main.cpp: In function ‘void applicationLoop()’:
../src/main.cpp:843:18: warning: comparison between signed and unsigned integer expressions [-Wsign-compare]
    if (indexNext > keyFrames.size() - 1){
        ~~~~~~~~~~^~~~~~~~~~~~~~~~~~~~~~
Finished building: ../src/main.cpp
 
Building target: ../../Debug/11-Particulas
Invoking: GCC C++ Linker
g++ -L"/opt/codigo/openGL/ComputacionGraficaAvanzada/11-Particulas/../Debug" -o "../../Debug/11-Particulas"  ./src/main.o   -lglut -lglfw -lGLEW -lGLU -lGL -lfreeimage -lassimp -lCGALib
Finished building target: ../../Debug/11-Particulas
 
01:36:21 **** Clean-only build of configuration Debug for project 12-ParticulasFeedback ****
make clean 
rm -rf  ./src/main.o  ./src/main.d  ../../Debug/01-AnimacionKeyFrames
 
01:36:21 **** Build of configuration Debug for project 12-ParticulasFeedback ****
make all 
Building file: ../src/main.cpp
Invoking: GCC C++ Compiler
g++ -std=c++0x -I"/opt/codigo/openGL/ComputacionGraficaAvanzada/12-ParticulasFeedback/../CGALib/include" -O0 -g3 -Wall -c -fmessage-length=0 -MMD -MP -MF"src/main.d" -MT"src/main.o" -o "src/main.o" "../src/main.cpp"
In file included from ../src/main.cpp:29:0:
/opt/codigo/openGL/ComputacionGraficaAvanzada/12-ParticulasFeedback/../CGALib/include/Headers/AnimationUtils.h: In function ‘std::vector<std::vector<glm::mat<4, 4, float, (glm::qualifier)0> > > getKeyFrames(std::__cxx11::string)’:
/opt/codigo/openGL/ComputacionGraficaAvanzada/12-ParticulasFeedback/../CGALib/include/Headers/AnimationUtils.h:70:8: warning: unused variable ‘j’ [-Wunused-variable]
    int j = 0;
        ^
../src/main.cpp: In function ‘void init(int, int, std::__cxx11::string, bool)’:
../src/main.cpp:305:20: warning: comparison between signed and unsigned integer expressions [-Wsign-compare]
  for (int i = 0; i < ARRAY_SIZE_IN_ELEMENTS(types); i++) {
                    ^
../src/main.cpp: In function ‘void applicationLoop()’:
../src/main.cpp:843:18: warning: comparison between signed and unsigned integer expressions [-Wsign-compare]
    if (indexNext > keyFrames.size() - 1){
        ~~~~~~~~~~^~~~~~~~~~~~~~~~~~~~~~
Finished building: ../src/main.cpp
 
Building target: ../../Debug/12-ParticulasFeedback
Invoking: GCC C++ Linker
g++ -L"/opt/codigo/openGL/ComputacionGraficaAvanzada/12-ParticulasFeedback/../Debug" -o "../../Debug/12-ParticulasFeedback"  ./src/main.o   -lglut -lglfw -lGLEW -lGLU -lGL -lfreeimage -lassimp -lCGALib
Finished building target: ../../Debug/12-ParticulasFeedback
 
01:36:24 **** Clean-only build of configuration Debug for project 13-ShadowMapping ****
make clean 
rm -rf  ./src/main.o  ./src/main.d  ../../Debug/01-AnimacionKeyFrames
 
01:36:24 **** Build of configuration Debug for project 13-ShadowMapping ****
make all 
Building file: ../src/main.cpp
Invoking: GCC C++ Compiler
g++ -std=c++0x -I"/opt/codigo/openGL/ComputacionGraficaAvanzada/13-ShadowMapping/../CGALib/include" -O0 -g3 -Wall -c -fmessage-length=0 -MMD -MP -MF"src/main.d" -MT"src/main.o" -o "src/main.o" "../src/main.cpp"
In file included from ../src/main.cpp:29:0:
/opt/codigo/openGL/ComputacionGraficaAvanzada/13-ShadowMapping/../CGALib/include/Headers/AnimationUtils.h: In function ‘std::vector<std::vector<glm::mat<4, 4, float, (glm::qualifier)0> > > getKeyFrames(std::__cxx11::string)’:
/opt/codigo/openGL/ComputacionGraficaAvanzada/13-ShadowMapping/../CGALib/include/Headers/AnimationUtils.h:70:8: warning: unused variable ‘j’ [-Wunused-variable]
    int j = 0;
        ^
../src/main.cpp: In function ‘void init(int, int, std::__cxx11::string, bool)’:
../src/main.cpp:305:20: warning: comparison between signed and unsigned integer expressions [-Wsign-compare]
  for (int i = 0; i < ARRAY_SIZE_IN_ELEMENTS(types); i++) {
                    ^
../src/main.cpp: In function ‘void applicationLoop()’:
../src/main.cpp:843:18: warning: comparison between signed and unsigned integer expressions [-Wsign-compare]
    if (indexNext > keyFrames.size() - 1){
        ~~~~~~~~~~^~~~~~~~~~~~~~~~~~~~~~
Finished building: ../src/main.cpp
 
Building target: ../../Debug/13-ShadowMapping
Invoking: GCC C++ Linker
g++ -L"/opt/codigo/openGL/ComputacionGraficaAvanzada/13-ShadowMapping/../Debug" -o "../../Debug/13-ShadowMapping"  ./src/main.o   -lglut -lglfw -lGLEW -lGLU -lGL -lfreeimage -lassimp -lCGALib
Finished building target: ../../Debug/13-ShadowMapping
 
01:36:28 **** Incremental Build of configuration Debug for project 14-OpenAL ****
make all 
make: Nothing to be done for 'all'.
01:36:28 **** Incremental Build of configuration Debug for project CGALib ****
make all 
make: Nothing to be done for 'all'.
01:36:44 **** Incremental Build of configuration Debug for project 14-OpenAL ****
make all 
make: Nothing to be done for 'all'.
01:38:45 **** Incremental Build of configuration Debug for project 01-AnimacionKeyFrames ****
make all 
Building target: ../../Debug/01-AnimacionKeyFrames
Invoking: GCC C++ Linker
g++ -L"/opt/codigo/openGL/ComputacionGraficaAvanzada/01-AnimacionKeyFrames/../Debug" -o "../../Debug/01-AnimacionKeyFrames"  ./src/main.o   -lglut -lglfw -lGLEW -lGLU -lGL -lfreeimage -lassimp -lCGALib
Finished building target: ../../Debug/01-AnimacionKeyFrames
 
01:38:46 **** Incremental Build of configuration Debug for project 02-SkeletonAnimation ****
make all 
make: Nothing to be done for 'all'.
01:38:46 **** Incremental Build of configuration Debug for project 03-Terrain ****
make all 
make: Nothing to be done for 'all'.
01:38:46 **** Incremental Build of configuration Debug for project 04-TerrainBlendMap ****
make all 
make: Nothing to be done for 'all'.
01:38:46 **** Incremental Build of configuration Debug for project 05-MultipleLights ****
make all 
make: Nothing to be done for 'all'.
01:38:47 **** Incremental Build of configuration Debug for project 06-CameraTPS ****
make all 
Building file: ../src/main.cpp
Invoking: GCC C++ Compiler
g++ -std=c++0x -I"/opt/codigo/openGL/ComputacionGraficaAvanzada/06-CameraTPS/../CGALib/include" -O0 -g3 -Wall -c -fmessage-length=0 -MMD -MP -MF"src/main.d" -MT"src/main.o" -o "src/main.o" "../src/main.cpp"
In file included from ../src/main.cpp:36:0:
/opt/codigo/openGL/ComputacionGraficaAvanzada/06-CameraTPS/../CGALib/include/Headers/AnimationUtils.h: In function ‘std::vector<std::vector<glm::mat<4, 4, float, (glm::qualifier)0> > > getKeyFrames(std::__cxx11::string)’:
/opt/codigo/openGL/ComputacionGraficaAvanzada/06-CameraTPS/../CGALib/include/Headers/AnimationUtils.h:70:8: warning: unused variable ‘j’ [-Wunused-variable]
    int j = 0;
        ^
../src/main.cpp: In function ‘void init(int, int, std::__cxx11::string, bool)’:
../src/main.cpp:296:20: warning: comparison between signed and unsigned integer expressions [-Wsign-compare]
  for (int i = 0; i < ARRAY_SIZE_IN_ELEMENTS(types); i++) {
                    ^
../src/main.cpp: In function ‘void applicationLoop()’:
../src/main.cpp:986:33: warning: comparison between signed and unsigned integer expressions [-Wsign-compare]
    if (indexFrameDartJointsNext > keyFramesDartJoints.size() - 1)
        ~~~~~~~~~~~~~~~~~~~~~~~~~^~~~~~~~~~~~~~~~~~~~~~~~~~~~~~~~
../src/main.cpp:1014:27: warning: comparison between signed and unsigned integer expressions [-Wsign-compare]
    if (indexFrameDartNext > keyFramesDart.size() - 1)
        ~~~~~~~~~~~~~~~~~~~^~~~~~~~~~~~~~~~~~~~~~~~~~
Finished building: ../src/main.cpp
 
Building target: ../../Debug/06-CameraTPS
Invoking: GCC C++ Linker
g++ -L"/opt/codigo/openGL/ComputacionGraficaAvanzada/06-CameraTPS/../Debug" -o "../../Debug/06-CameraTPS"  ./src/main.o   -lglut -lglfw -lGLEW -lGLU -lGL -lfreeimage -lassimp -lCGALib
Finished building target: ../../Debug/06-CameraTPS
 
01:38:51 **** Incremental Build of configuration Debug for project 07-Colisiones ****
make all 
make: Nothing to be done for 'all'.
01:38:51 **** Incremental Build of configuration Debug for project 08-DepthTesting ****
make all 
make: Nothing to be done for 'all'.
01:38:51 **** Incremental Build of configuration Debug for project 09-Blending ****
make all 
make: Nothing to be done for 'all'.
01:38:51 **** Incremental Build of configuration Debug for project 10-Fog ****
make all 
make: Nothing to be done for 'all'.
01:38:51 **** Incremental Build of configuration Debug for project 11-Particulas ****
make all 
make: Nothing to be done for 'all'.
01:38:52 **** Incremental Build of configuration Debug for project 12-ParticulasFeedback ****
make all 
make: Nothing to be done for 'all'.
01:38:52 **** Incremental Build of configuration Debug for project 13-ShadowMapping ****
make all 
make: Nothing to be done for 'all'.
01:38:52 **** Incremental Build of configuration Debug for project 14-OpenAL ****
make all 
Building file: ../src/main.cpp
Invoking: GCC C++ Compiler
g++ -std=c++0x -I"/opt/codigo/openGL/ComputacionGraficaAvanzada/14-OpenAL/../CGALib/include" -O0 -g3 -Wall -c -fmessage-length=0 -MMD -MP -MF"src/main.d" -MT"src/main.o" -o "src/main.o" "../src/main.cpp"
In file included from ../src/main.cpp:36:0:
/opt/codigo/openGL/ComputacionGraficaAvanzada/14-OpenAL/../CGALib/include/Headers/AnimationUtils.h: In function ‘std::vector<std::vector<glm::mat<4, 4, float, (glm::qualifier)0> > > getKeyFrames(std::__cxx11::string)’:
/opt/codigo/openGL/ComputacionGraficaAvanzada/14-OpenAL/../CGALib/include/Headers/AnimationUtils.h:70:8: warning: unused variable ‘j’ [-Wunused-variable]
    int j = 0;
        ^
../src/main.cpp: In function ‘void init(int, int, std::__cxx11::string, bool)’:
../src/main.cpp:296:20: warning: comparison between signed and unsigned integer expressions [-Wsign-compare]
  for (int i = 0; i < ARRAY_SIZE_IN_ELEMENTS(types); i++) {
                    ^
../src/main.cpp: In function ‘void applicationLoop()’:
../src/main.cpp:986:33: warning: comparison between signed and unsigned integer expressions [-Wsign-compare]
    if (indexFrameDartJointsNext > keyFramesDartJoints.size() - 1)
        ~~~~~~~~~~~~~~~~~~~~~~~~~^~~~~~~~~~~~~~~~~~~~~~~~~~~~~~~~
../src/main.cpp:1014:27: warning: comparison between signed and unsigned integer expressions [-Wsign-compare]
    if (indexFrameDartNext > keyFramesDart.size() - 1)
        ~~~~~~~~~~~~~~~~~~~^~~~~~~~~~~~~~~~~~~~~~~~~~
Finished building: ../src/main.cpp
 
Building target: ../../Debug/14-OpenAL
Invoking: GCC C++ Linker
g++ -L"/opt/codigo/openGL/ComputacionGraficaAvanzada/14-OpenAL/../Debug" -o "../../Debug/14-OpenAL"  ./src/main.o   -lglut -lglfw -lGLEW -lGLU -lGL -lfreeimage -lassimp -lCGALib
Finished building target: ../../Debug/14-OpenAL
 
01:38:57 **** Incremental Build of configuration Debug for project CGALib ****
make all 
make: Nothing to be done for 'all'.
01:39:19 **** Incremental Build of configuration Debug for project 14-OpenAL ****
make all 
make: Nothing to be done for 'all'.
01:39:35 **** Incremental Build of configuration Debug for project 12-ParticulasFeedback ****
make all 
make: Nothing to be done for 'all'.
01:39:49 **** Incremental Build of configuration Debug for project 11-Particulas ****
make all 
make: Nothing to be done for 'all'.
01:41:10 **** Incremental Build of configuration Debug for project 01-AnimacionKeyFrames ****
make all 
make: Nothing to be done for 'all'.
01:41:11 **** Incremental Build of configuration Debug for project 02-SkeletonAnimation ****
make all 
make: Nothing to be done for 'all'.
01:41:11 **** Incremental Build of configuration Debug for project 03-Terrain ****
make all 
Building file: ../src/main.cpp
Invoking: GCC C++ Compiler
g++ -std=c++0x -I"/opt/codigo/openGL/ComputacionGraficaAvanzada/03-Terrain/../CGALib/include" -O0 -g3 -Wall -c -fmessage-length=0 -MMD -MP -MF"src/main.d" -MT"src/main.o" -o "src/main.o" "../src/main.cpp"
In file included from ../src/main.cpp:36:0:
/opt/codigo/openGL/ComputacionGraficaAvanzada/03-Terrain/../CGALib/include/Headers/AnimationUtils.h: In function ‘std::vector<std::vector<glm::mat<4, 4, float, (glm::qualifier)0> > > getKeyFrames(std::__cxx11::string)’:
/opt/codigo/openGL/ComputacionGraficaAvanzada/03-Terrain/../CGALib/include/Headers/AnimationUtils.h:70:8: warning: unused variable ‘j’ [-Wunused-variable]
    int j = 0;
        ^
../src/main.cpp: In function ‘void init(int, int, std::__cxx11::string, bool)’:
../src/main.cpp:296:20: warning: comparison between signed and unsigned integer expressions [-Wsign-compare]
  for (int i = 0; i < ARRAY_SIZE_IN_ELEMENTS(types); i++) {
                    ^
../src/main.cpp: In function ‘void applicationLoop()’:
../src/main.cpp:986:33: warning: comparison between signed and unsigned integer expressions [-Wsign-compare]
    if (indexFrameDartJointsNext > keyFramesDartJoints.size() - 1)
        ~~~~~~~~~~~~~~~~~~~~~~~~~^~~~~~~~~~~~~~~~~~~~~~~~~~~~~~~~
../src/main.cpp:1014:27: warning: comparison between signed and unsigned integer expressions [-Wsign-compare]
    if (indexFrameDartNext > keyFramesDart.size() - 1)
        ~~~~~~~~~~~~~~~~~~~^~~~~~~~~~~~~~~~~~~~~~~~~~
Finished building: ../src/main.cpp
 
Building target: ../../Debug/03-Terrain
Invoking: GCC C++ Linker
g++ -L"/opt/codigo/openGL/ComputacionGraficaAvanzada/03-Terrain/../Debug" -o "../../Debug/03-Terrain"  ./src/main.o   -lglut -lglfw -lGLEW -lGLU -lGL -lfreeimage -lassimp -lCGALib
Finished building target: ../../Debug/03-Terrain
 
01:41:16 **** Incremental Build of configuration Debug for project 04-TerrainBlendMap ****
make all 
Building file: ../src/main.cpp
Invoking: GCC C++ Compiler
g++ -std=c++0x -I"/opt/codigo/openGL/ComputacionGraficaAvanzada/04-TerrainBlendMap/../CGALib/include" -O0 -g3 -Wall -c -fmessage-length=0 -MMD -MP -MF"src/main.d" -MT"src/main.o" -o "src/main.o" "../src/main.cpp"
In file included from ../src/main.cpp:36:0:
/opt/codigo/openGL/ComputacionGraficaAvanzada/04-TerrainBlendMap/../CGALib/include/Headers/AnimationUtils.h: In function ‘std::vector<std::vector<glm::mat<4, 4, float, (glm::qualifier)0> > > getKeyFrames(std::__cxx11::string)’:
/opt/codigo/openGL/ComputacionGraficaAvanzada/04-TerrainBlendMap/../CGALib/include/Headers/AnimationUtils.h:70:8: warning: unused variable ‘j’ [-Wunused-variable]
    int j = 0;
        ^
../src/main.cpp: In function ‘void init(int, int, std::__cxx11::string, bool)’:
../src/main.cpp:296:20: warning: comparison between signed and unsigned integer expressions [-Wsign-compare]
  for (int i = 0; i < ARRAY_SIZE_IN_ELEMENTS(types); i++) {
                    ^
../src/main.cpp: In function ‘void applicationLoop()’:
../src/main.cpp:986:33: warning: comparison between signed and unsigned integer expressions [-Wsign-compare]
    if (indexFrameDartJointsNext > keyFramesDartJoints.size() - 1)
        ~~~~~~~~~~~~~~~~~~~~~~~~~^~~~~~~~~~~~~~~~~~~~~~~~~~~~~~~~
../src/main.cpp:1014:27: warning: comparison between signed and unsigned integer expressions [-Wsign-compare]
    if (indexFrameDartNext > keyFramesDart.size() - 1)
        ~~~~~~~~~~~~~~~~~~~^~~~~~~~~~~~~~~~~~~~~~~~~~
Finished building: ../src/main.cpp
 
Building target: ../../Debug/04-TerrainBlendMap
Invoking: GCC C++ Linker
g++ -L"/opt/codigo/openGL/ComputacionGraficaAvanzada/04-TerrainBlendMap/../Debug" -o "../../Debug/04-TerrainBlendMap"  ./src/main.o   -lglut -lglfw -lGLEW -lGLU -lGL -lfreeimage -lassimp -lCGALib
Finished building target: ../../Debug/04-TerrainBlendMap
 
01:41:19 **** Incremental Build of configuration Debug for project 05-MultipleLights ****
make all 
Building file: ../src/main.cpp
Invoking: GCC C++ Compiler
g++ -std=c++0x -I"/opt/codigo/openGL/ComputacionGraficaAvanzada/05-MultipleLights/../CGALib/include" -O0 -g3 -Wall -c -fmessage-length=0 -MMD -MP -MF"src/main.d" -MT"src/main.o" -o "src/main.o" "../src/main.cpp"
In file included from ../src/main.cpp:36:0:
/opt/codigo/openGL/ComputacionGraficaAvanzada/05-MultipleLights/../CGALib/include/Headers/AnimationUtils.h: In function ‘std::vector<std::vector<glm::mat<4, 4, float, (glm::qualifier)0> > > getKeyFrames(std::__cxx11::string)’:
/opt/codigo/openGL/ComputacionGraficaAvanzada/05-MultipleLights/../CGALib/include/Headers/AnimationUtils.h:70:8: warning: unused variable ‘j’ [-Wunused-variable]
    int j = 0;
        ^
../src/main.cpp: In function ‘void init(int, int, std::__cxx11::string, bool)’:
../src/main.cpp:296:20: warning: comparison between signed and unsigned integer expressions [-Wsign-compare]
  for (int i = 0; i < ARRAY_SIZE_IN_ELEMENTS(types); i++) {
                    ^
../src/main.cpp: In function ‘void applicationLoop()’:
../src/main.cpp:986:33: warning: comparison between signed and unsigned integer expressions [-Wsign-compare]
    if (indexFrameDartJointsNext > keyFramesDartJoints.size() - 1)
        ~~~~~~~~~~~~~~~~~~~~~~~~~^~~~~~~~~~~~~~~~~~~~~~~~~~~~~~~~
../src/main.cpp:1014:27: warning: comparison between signed and unsigned integer expressions [-Wsign-compare]
    if (indexFrameDartNext > keyFramesDart.size() - 1)
        ~~~~~~~~~~~~~~~~~~~^~~~~~~~~~~~~~~~~~~~~~~~~~
Finished building: ../src/main.cpp
 
Building target: ../../Debug/05-MultipleLights
Invoking: GCC C++ Linker
g++ -L"/opt/codigo/openGL/ComputacionGraficaAvanzada/05-MultipleLights/../Debug" -o "../../Debug/05-MultipleLights"  ./src/main.o   -lglut -lglfw -lGLEW -lGLU -lGL -lfreeimage -lassimp -lCGALib
Finished building target: ../../Debug/05-MultipleLights
 
01:41:22 **** Incremental Build of configuration Debug for project 06-CameraTPS ****
make all 
Building file: ../src/main.cpp
Invoking: GCC C++ Compiler
g++ -std=c++0x -I"/opt/codigo/openGL/ComputacionGraficaAvanzada/06-CameraTPS/../CGALib/include" -O0 -g3 -Wall -c -fmessage-length=0 -MMD -MP -MF"src/main.d" -MT"src/main.o" -o "src/main.o" "../src/main.cpp"
In file included from ../src/main.cpp:36:0:
/opt/codigo/openGL/ComputacionGraficaAvanzada/06-CameraTPS/../CGALib/include/Headers/AnimationUtils.h: In function ‘std::vector<std::vector<glm::mat<4, 4, float, (glm::qualifier)0> > > getKeyFrames(std::__cxx11::string)’:
/opt/codigo/openGL/ComputacionGraficaAvanzada/06-CameraTPS/../CGALib/include/Headers/AnimationUtils.h:70:8: warning: unused variable ‘j’ [-Wunused-variable]
    int j = 0;
        ^
../src/main.cpp: In function ‘void init(int, int, std::__cxx11::string, bool)’:
../src/main.cpp:296:20: warning: comparison between signed and unsigned integer expressions [-Wsign-compare]
  for (int i = 0; i < ARRAY_SIZE_IN_ELEMENTS(types); i++) {
                    ^
../src/main.cpp: In function ‘void applicationLoop()’:
../src/main.cpp:986:33: warning: comparison between signed and unsigned integer expressions [-Wsign-compare]
    if (indexFrameDartJointsNext > keyFramesDartJoints.size() - 1)
        ~~~~~~~~~~~~~~~~~~~~~~~~~^~~~~~~~~~~~~~~~~~~~~~~~~~~~~~~~
../src/main.cpp:1014:27: warning: comparison between signed and unsigned integer expressions [-Wsign-compare]
    if (indexFrameDartNext > keyFramesDart.size() - 1)
        ~~~~~~~~~~~~~~~~~~~^~~~~~~~~~~~~~~~~~~~~~~~~~
Finished building: ../src/main.cpp
 
Building target: ../../Debug/06-CameraTPS
Invoking: GCC C++ Linker
g++ -L"/opt/codigo/openGL/ComputacionGraficaAvanzada/06-CameraTPS/../Debug" -o "../../Debug/06-CameraTPS"  ./src/main.o   -lglut -lglfw -lGLEW -lGLU -lGL -lfreeimage -lassimp -lCGALib
Finished building target: ../../Debug/06-CameraTPS
 
01:41:25 **** Incremental Build of configuration Debug for project 07-Colisiones ****
make all 
Building file: ../src/main.cpp
Invoking: GCC C++ Compiler
g++ -std=c++0x -I"/opt/codigo/openGL/ComputacionGraficaAvanzada/07-Colisiones/../CGALib/include" -O0 -g3 -Wall -c -fmessage-length=0 -MMD -MP -MF"src/main.d" -MT"src/main.o" -o "src/main.o" "../src/main.cpp"
In file included from ../src/main.cpp:36:0:
/opt/codigo/openGL/ComputacionGraficaAvanzada/07-Colisiones/../CGALib/include/Headers/AnimationUtils.h: In function ‘std::vector<std::vector<glm::mat<4, 4, float, (glm::qualifier)0> > > getKeyFrames(std::__cxx11::string)’:
/opt/codigo/openGL/ComputacionGraficaAvanzada/07-Colisiones/../CGALib/include/Headers/AnimationUtils.h:70:8: warning: unused variable ‘j’ [-Wunused-variable]
    int j = 0;
        ^
../src/main.cpp: In function ‘void init(int, int, std::__cxx11::string, bool)’:
../src/main.cpp:296:20: warning: comparison between signed and unsigned integer expressions [-Wsign-compare]
  for (int i = 0; i < ARRAY_SIZE_IN_ELEMENTS(types); i++) {
                    ^
../src/main.cpp: In function ‘void applicationLoop()’:
../src/main.cpp:986:33: warning: comparison between signed and unsigned integer expressions [-Wsign-compare]
    if (indexFrameDartJointsNext > keyFramesDartJoints.size() - 1)
        ~~~~~~~~~~~~~~~~~~~~~~~~~^~~~~~~~~~~~~~~~~~~~~~~~~~~~~~~~
../src/main.cpp:1014:27: warning: comparison between signed and unsigned integer expressions [-Wsign-compare]
    if (indexFrameDartNext > keyFramesDart.size() - 1)
        ~~~~~~~~~~~~~~~~~~~^~~~~~~~~~~~~~~~~~~~~~~~~~
Finished building: ../src/main.cpp
 
Building target: ../../Debug/07-Colisiones
Invoking: GCC C++ Linker
g++ -L"/opt/codigo/openGL/ComputacionGraficaAvanzada/07-Colisiones/../Debug" -o "../../Debug/07-Colisiones"  ./src/main.o   -lglut -lglfw -lGLEW -lGLU -lGL -lfreeimage -lassimp -lCGALib
Finished building target: ../../Debug/07-Colisiones
 
01:41:29 **** Incremental Build of configuration Debug for project 08-DepthTesting ****
make all 
Building file: ../src/main.cpp
Invoking: GCC C++ Compiler
g++ -std=c++0x -I"/opt/codigo/openGL/ComputacionGraficaAvanzada/08-DepthTesting/../CGALib/include" -O0 -g3 -Wall -c -fmessage-length=0 -MMD -MP -MF"src/main.d" -MT"src/main.o" -o "src/main.o" "../src/main.cpp"
In file included from ../src/main.cpp:36:0:
/opt/codigo/openGL/ComputacionGraficaAvanzada/08-DepthTesting/../CGALib/include/Headers/AnimationUtils.h: In function ‘std::vector<std::vector<glm::mat<4, 4, float, (glm::qualifier)0> > > getKeyFrames(std::__cxx11::string)’:
/opt/codigo/openGL/ComputacionGraficaAvanzada/08-DepthTesting/../CGALib/include/Headers/AnimationUtils.h:70:8: warning: unused variable ‘j’ [-Wunused-variable]
    int j = 0;
        ^
../src/main.cpp: In function ‘void init(int, int, std::__cxx11::string, bool)’:
../src/main.cpp:296:20: warning: comparison between signed and unsigned integer expressions [-Wsign-compare]
  for (int i = 0; i < ARRAY_SIZE_IN_ELEMENTS(types); i++) {
                    ^
../src/main.cpp: In function ‘void applicationLoop()’:
../src/main.cpp:986:33: warning: comparison between signed and unsigned integer expressions [-Wsign-compare]
    if (indexFrameDartJointsNext > keyFramesDartJoints.size() - 1)
        ~~~~~~~~~~~~~~~~~~~~~~~~~^~~~~~~~~~~~~~~~~~~~~~~~~~~~~~~~
../src/main.cpp:1014:27: warning: comparison between signed and unsigned integer expressions [-Wsign-compare]
    if (indexFrameDartNext > keyFramesDart.size() - 1)
        ~~~~~~~~~~~~~~~~~~~^~~~~~~~~~~~~~~~~~~~~~~~~~
Finished building: ../src/main.cpp
 
Building target: ../../Debug/08-DepthTesting
Invoking: GCC C++ Linker
g++ -L"/opt/codigo/openGL/ComputacionGraficaAvanzada/08-DepthTesting/../Debug" -o "../../Debug/08-DepthTesting"  ./src/main.o   -lglut -lglfw -lGLEW -lGLU -lGL -lfreeimage -lassimp -lCGALib
Finished building target: ../../Debug/08-DepthTesting
 
01:41:32 **** Incremental Build of configuration Debug for project 09-Blending ****
make all 
Building file: ../src/main.cpp
Invoking: GCC C++ Compiler
g++ -std=c++0x -I"/opt/codigo/openGL/ComputacionGraficaAvanzada/09-Blending/../CGALib/include" -O0 -g3 -Wall -c -fmessage-length=0 -MMD -MP -MF"src/main.d" -MT"src/main.o" -o "src/main.o" "../src/main.cpp"
In file included from ../src/main.cpp:36:0:
/opt/codigo/openGL/ComputacionGraficaAvanzada/09-Blending/../CGALib/include/Headers/AnimationUtils.h: In function ‘std::vector<std::vector<glm::mat<4, 4, float, (glm::qualifier)0> > > getKeyFrames(std::__cxx11::string)’:
/opt/codigo/openGL/ComputacionGraficaAvanzada/09-Blending/../CGALib/include/Headers/AnimationUtils.h:70:8: warning: unused variable ‘j’ [-Wunused-variable]
    int j = 0;
        ^
../src/main.cpp: In function ‘void init(int, int, std::__cxx11::string, bool)’:
../src/main.cpp:296:20: warning: comparison between signed and unsigned integer expressions [-Wsign-compare]
  for (int i = 0; i < ARRAY_SIZE_IN_ELEMENTS(types); i++) {
                    ^
../src/main.cpp: In function ‘void applicationLoop()’:
../src/main.cpp:986:33: warning: comparison between signed and unsigned integer expressions [-Wsign-compare]
    if (indexFrameDartJointsNext > keyFramesDartJoints.size() - 1)
        ~~~~~~~~~~~~~~~~~~~~~~~~~^~~~~~~~~~~~~~~~~~~~~~~~~~~~~~~~
../src/main.cpp:1014:27: warning: comparison between signed and unsigned integer expressions [-Wsign-compare]
    if (indexFrameDartNext > keyFramesDart.size() - 1)
        ~~~~~~~~~~~~~~~~~~~^~~~~~~~~~~~~~~~~~~~~~~~~~
Finished building: ../src/main.cpp
 
Building target: ../../Debug/09-Blending
Invoking: GCC C++ Linker
g++ -L"/opt/codigo/openGL/ComputacionGraficaAvanzada/09-Blending/../Debug" -o "../../Debug/09-Blending"  ./src/main.o   -lglut -lglfw -lGLEW -lGLU -lGL -lfreeimage -lassimp -lCGALib
Finished building target: ../../Debug/09-Blending
 
01:41:35 **** Incremental Build of configuration Debug for project 10-Fog ****
make all 
Building file: ../src/main.cpp
Invoking: GCC C++ Compiler
g++ -std=c++0x -I"/opt/codigo/openGL/ComputacionGraficaAvanzada/10-Fog/../CGALib/include" -O0 -g3 -Wall -c -fmessage-length=0 -MMD -MP -MF"src/main.d" -MT"src/main.o" -o "src/main.o" "../src/main.cpp"
In file included from ../src/main.cpp:36:0:
/opt/codigo/openGL/ComputacionGraficaAvanzada/10-Fog/../CGALib/include/Headers/AnimationUtils.h: In function ‘std::vector<std::vector<glm::mat<4, 4, float, (glm::qualifier)0> > > getKeyFrames(std::__cxx11::string)’:
/opt/codigo/openGL/ComputacionGraficaAvanzada/10-Fog/../CGALib/include/Headers/AnimationUtils.h:70:8: warning: unused variable ‘j’ [-Wunused-variable]
    int j = 0;
        ^
../src/main.cpp: In function ‘void init(int, int, std::__cxx11::string, bool)’:
../src/main.cpp:296:20: warning: comparison between signed and unsigned integer expressions [-Wsign-compare]
  for (int i = 0; i < ARRAY_SIZE_IN_ELEMENTS(types); i++) {
                    ^
../src/main.cpp: In function ‘void applicationLoop()’:
../src/main.cpp:986:33: warning: comparison between signed and unsigned integer expressions [-Wsign-compare]
    if (indexFrameDartJointsNext > keyFramesDartJoints.size() - 1)
        ~~~~~~~~~~~~~~~~~~~~~~~~~^~~~~~~~~~~~~~~~~~~~~~~~~~~~~~~~
../src/main.cpp:1014:27: warning: comparison between signed and unsigned integer expressions [-Wsign-compare]
    if (indexFrameDartNext > keyFramesDart.size() - 1)
        ~~~~~~~~~~~~~~~~~~~^~~~~~~~~~~~~~~~~~~~~~~~~~
Finished building: ../src/main.cpp
 
Building target: ../../Debug/10-Fog
Invoking: GCC C++ Linker
g++ -L"/opt/codigo/openGL/ComputacionGraficaAvanzada/10-Fog/../Debug" -o "../../Debug/10-Fog"  ./src/main.o   -lglut -lglfw -lGLEW -lGLU -lGL -lfreeimage -lassimp -lCGALib
Finished building target: ../../Debug/10-Fog
 
01:41:38 **** Incremental Build of configuration Debug for project 11-Particulas ****
make all 
Building file: ../src/main.cpp
Invoking: GCC C++ Compiler
g++ -std=c++0x -I"/opt/codigo/openGL/ComputacionGraficaAvanzada/11-Particulas/../CGALib/include" -O0 -g3 -Wall -c -fmessage-length=0 -MMD -MP -MF"src/main.d" -MT"src/main.o" -o "src/main.o" "../src/main.cpp"
In file included from ../src/main.cpp:36:0:
/opt/codigo/openGL/ComputacionGraficaAvanzada/11-Particulas/../CGALib/include/Headers/AnimationUtils.h: In function ‘std::vector<std::vector<glm::mat<4, 4, float, (glm::qualifier)0> > > getKeyFrames(std::__cxx11::string)’:
/opt/codigo/openGL/ComputacionGraficaAvanzada/11-Particulas/../CGALib/include/Headers/AnimationUtils.h:70:8: warning: unused variable ‘j’ [-Wunused-variable]
    int j = 0;
        ^
../src/main.cpp: In function ‘void init(int, int, std::__cxx11::string, bool)’:
../src/main.cpp:296:20: warning: comparison between signed and unsigned integer expressions [-Wsign-compare]
  for (int i = 0; i < ARRAY_SIZE_IN_ELEMENTS(types); i++) {
                    ^
../src/main.cpp: In function ‘void applicationLoop()’:
../src/main.cpp:986:33: warning: comparison between signed and unsigned integer expressions [-Wsign-compare]
    if (indexFrameDartJointsNext > keyFramesDartJoints.size() - 1)
        ~~~~~~~~~~~~~~~~~~~~~~~~~^~~~~~~~~~~~~~~~~~~~~~~~~~~~~~~~
../src/main.cpp:1014:27: warning: comparison between signed and unsigned integer expressions [-Wsign-compare]
    if (indexFrameDartNext > keyFramesDart.size() - 1)
        ~~~~~~~~~~~~~~~~~~~^~~~~~~~~~~~~~~~~~~~~~~~~~
Finished building: ../src/main.cpp
 
Building target: ../../Debug/11-Particulas
Invoking: GCC C++ Linker
g++ -L"/opt/codigo/openGL/ComputacionGraficaAvanzada/11-Particulas/../Debug" -o "../../Debug/11-Particulas"  ./src/main.o   -lglut -lglfw -lGLEW -lGLU -lGL -lfreeimage -lassimp -lCGALib
Finished building target: ../../Debug/11-Particulas
 
01:41:41 **** Incremental Build of configuration Debug for project 12-ParticulasFeedback ****
make all 
Building file: ../src/main.cpp
Invoking: GCC C++ Compiler
g++ -std=c++0x -I"/opt/codigo/openGL/ComputacionGraficaAvanzada/12-ParticulasFeedback/../CGALib/include" -O0 -g3 -Wall -c -fmessage-length=0 -MMD -MP -MF"src/main.d" -MT"src/main.o" -o "src/main.o" "../src/main.cpp"
In file included from ../src/main.cpp:36:0:
/opt/codigo/openGL/ComputacionGraficaAvanzada/12-ParticulasFeedback/../CGALib/include/Headers/AnimationUtils.h: In function ‘std::vector<std::vector<glm::mat<4, 4, float, (glm::qualifier)0> > > getKeyFrames(std::__cxx11::string)’:
/opt/codigo/openGL/ComputacionGraficaAvanzada/12-ParticulasFeedback/../CGALib/include/Headers/AnimationUtils.h:70:8: warning: unused variable ‘j’ [-Wunused-variable]
    int j = 0;
        ^
../src/main.cpp: In function ‘void init(int, int, std::__cxx11::string, bool)’:
../src/main.cpp:296:20: warning: comparison between signed and unsigned integer expressions [-Wsign-compare]
  for (int i = 0; i < ARRAY_SIZE_IN_ELEMENTS(types); i++) {
                    ^
../src/main.cpp: In function ‘void applicationLoop()’:
../src/main.cpp:986:33: warning: comparison between signed and unsigned integer expressions [-Wsign-compare]
    if (indexFrameDartJointsNext > keyFramesDartJoints.size() - 1)
        ~~~~~~~~~~~~~~~~~~~~~~~~~^~~~~~~~~~~~~~~~~~~~~~~~~~~~~~~~
../src/main.cpp:1014:27: warning: comparison between signed and unsigned integer expressions [-Wsign-compare]
    if (indexFrameDartNext > keyFramesDart.size() - 1)
        ~~~~~~~~~~~~~~~~~~~^~~~~~~~~~~~~~~~~~~~~~~~~~
Finished building: ../src/main.cpp
 
Building target: ../../Debug/12-ParticulasFeedback
Invoking: GCC C++ Linker
g++ -L"/opt/codigo/openGL/ComputacionGraficaAvanzada/12-ParticulasFeedback/../Debug" -o "../../Debug/12-ParticulasFeedback"  ./src/main.o   -lglut -lglfw -lGLEW -lGLU -lGL -lfreeimage -lassimp -lCGALib
Finished building target: ../../Debug/12-ParticulasFeedback
 
01:41:44 **** Incremental Build of configuration Debug for project 13-ShadowMapping ****
make all 
Building file: ../src/main.cpp
Invoking: GCC C++ Compiler
g++ -std=c++0x -I"/opt/codigo/openGL/ComputacionGraficaAvanzada/13-ShadowMapping/../CGALib/include" -O0 -g3 -Wall -c -fmessage-length=0 -MMD -MP -MF"src/main.d" -MT"src/main.o" -o "src/main.o" "../src/main.cpp"
In file included from ../src/main.cpp:36:0:
/opt/codigo/openGL/ComputacionGraficaAvanzada/13-ShadowMapping/../CGALib/include/Headers/AnimationUtils.h: In function ‘std::vector<std::vector<glm::mat<4, 4, float, (glm::qualifier)0> > > getKeyFrames(std::__cxx11::string)’:
/opt/codigo/openGL/ComputacionGraficaAvanzada/13-ShadowMapping/../CGALib/include/Headers/AnimationUtils.h:70:8: warning: unused variable ‘j’ [-Wunused-variable]
    int j = 0;
        ^
../src/main.cpp: In function ‘void init(int, int, std::__cxx11::string, bool)’:
../src/main.cpp:296:20: warning: comparison between signed and unsigned integer expressions [-Wsign-compare]
  for (int i = 0; i < ARRAY_SIZE_IN_ELEMENTS(types); i++) {
                    ^
../src/main.cpp: In function ‘void applicationLoop()’:
../src/main.cpp:986:33: warning: comparison between signed and unsigned integer expressions [-Wsign-compare]
    if (indexFrameDartJointsNext > keyFramesDartJoints.size() - 1)
        ~~~~~~~~~~~~~~~~~~~~~~~~~^~~~~~~~~~~~~~~~~~~~~~~~~~~~~~~~
../src/main.cpp:1014:27: warning: comparison between signed and unsigned integer expressions [-Wsign-compare]
    if (indexFrameDartNext > keyFramesDart.size() - 1)
        ~~~~~~~~~~~~~~~~~~~^~~~~~~~~~~~~~~~~~~~~~~~~~
Finished building: ../src/main.cpp
 
Building target: ../../Debug/13-ShadowMapping
Invoking: GCC C++ Linker
g++ -L"/opt/codigo/openGL/ComputacionGraficaAvanzada/13-ShadowMapping/../Debug" -o "../../Debug/13-ShadowMapping"  ./src/main.o   -lglut -lglfw -lGLEW -lGLU -lGL -lfreeimage -lassimp -lCGALib
Finished building target: ../../Debug/13-ShadowMapping
 
01:41:48 **** Incremental Build of configuration Debug for project 14-OpenAL ****
make all 
make: Nothing to be done for 'all'.
01:41:48 **** Incremental Build of configuration Debug for project CGALib ****
make all 
make: Nothing to be done for 'all'.
01:41:54 **** Incremental Build of configuration Debug for project 11-Particulas ****
make all 
make: Nothing to be done for 'all'.
01:42:08 **** Incremental Build of configuration Debug for project 04-TerrainBlendMap ****
make all 
make: Nothing to be done for 'all'.
01:42:23 **** Incremental Build of configuration Debug for project 05-MultipleLights ****
make all 
make: Nothing to be done for 'all'.
01:42:34 **** Incremental Build of configuration Debug for project 06-CameraTPS ****
make all 
make: Nothing to be done for 'all'.
01:42:46 **** Incremental Build of configuration Debug for project 07-Colisiones ****
make all 
make: Nothing to be done for 'all'.
01:42:56 **** Incremental Build of configuration Debug for project 08-DepthTesting ****
make all 
make: Nothing to be done for 'all'.
01:43:08 **** Incremental Build of configuration Debug for project 09-Blending ****
make all 
make: Nothing to be done for 'all'.
01:43:39 **** Incremental Build of configuration Debug for project 10-Fog ****
make all 
make: Nothing to be done for 'all'.
01:43:55 **** Incremental Build of configuration Debug for project 03-Terrain ****
make all 
make: Nothing to be done for 'all'.
13:45:25 **** Clean-only build of configuration Debug for project 01-AnimacionKeyFrames ****
make clean 
rm -rf  ./src/main.o  ./src/main.d  ../../Debug/01-AnimacionKeyFrames
 
13:45:25 **** Incremental Build of configuration Debug for project 01-AnimacionKeyFrames ****
make all 
Building file: ../src/main.cpp
Invoking: GCC C++ Compiler
g++ -std=c++0x -I"/opt/codigo/openGL/ComputacionGraficaAvanzada/01-AnimacionKeyFrames/../CGALib/include" -O0 -g3 -Wall -c -fmessage-length=0 -MMD -MP -MF"src/main.d" -MT"src/main.o" -o "src/main.o" "../src/main.cpp"
In file included from ../src/main.cpp:36:0:
/opt/codigo/openGL/ComputacionGraficaAvanzada/01-AnimacionKeyFrames/../CGALib/include/Headers/AnimationUtils.h: In function ‘std::vector<std::vector<glm::mat<4, 4, float, (glm::qualifier)0> > > getKeyFrames(std::__cxx11::string)’:
/opt/codigo/openGL/ComputacionGraficaAvanzada/01-AnimacionKeyFrames/../CGALib/include/Headers/AnimationUtils.h:70:8: warning: unused variable ‘j’ [-Wunused-variable]
    int j = 0;
        ^
../src/main.cpp: In function ‘void init(int, int, std::__cxx11::string, bool)’:
../src/main.cpp:296:20: warning: comparison between signed and unsigned integer expressions [-Wsign-compare]
  for (int i = 0; i < ARRAY_SIZE_IN_ELEMENTS(types); i++) {
                    ^
../src/main.cpp: In function ‘void applicationLoop()’:
../src/main.cpp:986:33: warning: comparison between signed and unsigned integer expressions [-Wsign-compare]
    if (indexFrameDartJointsNext > keyFramesDartJoints.size() - 1)
        ~~~~~~~~~~~~~~~~~~~~~~~~~^~~~~~~~~~~~~~~~~~~~~~~~~~~~~~~~
../src/main.cpp:1014:27: warning: comparison between signed and unsigned integer expressions [-Wsign-compare]
    if (indexFrameDartNext > keyFramesDart.size() - 1)
        ~~~~~~~~~~~~~~~~~~~^~~~~~~~~~~~~~~~~~~~~~~~~~
Finished building: ../src/main.cpp
 
Building target: ../../Debug/01-AnimacionKeyFrames
Invoking: GCC C++ Linker
g++ -L"/opt/codigo/openGL/ComputacionGraficaAvanzada/01-AnimacionKeyFrames/../Debug" -o "../../Debug/01-AnimacionKeyFrames"  ./src/main.o   -lglut -lglfw -lGLEW -lGLU -lGL -lfreeimage -lassimp -lCGALib
Finished building target: ../../Debug/01-AnimacionKeyFrames
 
13:45:29 **** Clean-only build of configuration Debug for project 02-SkeletonAnimation ****
make clean 
rm -rf  ./src/main.o  ./src/main.d  ../../Debug/02-SkeletonAnimation
 
13:45:29 **** Incremental Build of configuration Debug for project 02-SkeletonAnimation ****
make all 
Building file: ../src/main.cpp
Invoking: GCC C++ Compiler
g++ -std=c++0x -I"/opt/codigo/openGL/ComputacionGraficaAvanzada/02-SkeletonAnimation/../CGALib/include" -O0 -g3 -Wall -c -fmessage-length=0 -MMD -MP -MF"src/main.d" -MT"src/main.o" -o "src/main.o" "../src/main.cpp"
In file included from ../src/main.cpp:36:0:
/opt/codigo/openGL/ComputacionGraficaAvanzada/02-SkeletonAnimation/../CGALib/include/Headers/AnimationUtils.h: In function ‘std::vector<std::vector<glm::mat<4, 4, float, (glm::qualifier)0> > > getKeyFrames(std::__cxx11::string)’:
/opt/codigo/openGL/ComputacionGraficaAvanzada/02-SkeletonAnimation/../CGALib/include/Headers/AnimationUtils.h:70:8: warning: unused variable ‘j’ [-Wunused-variable]
    int j = 0;
        ^
../src/main.cpp: In function ‘void init(int, int, std::__cxx11::string, bool)’:
../src/main.cpp:296:20: warning: comparison between signed and unsigned integer expressions [-Wsign-compare]
  for (int i = 0; i < ARRAY_SIZE_IN_ELEMENTS(types); i++) {
                    ^
../src/main.cpp: In function ‘void applicationLoop()’:
../src/main.cpp:986:33: warning: comparison between signed and unsigned integer expressions [-Wsign-compare]
    if (indexFrameDartJointsNext > keyFramesDartJoints.size() - 1)
        ~~~~~~~~~~~~~~~~~~~~~~~~~^~~~~~~~~~~~~~~~~~~~~~~~~~~~~~~~
../src/main.cpp:1014:27: warning: comparison between signed and unsigned integer expressions [-Wsign-compare]
    if (indexFrameDartNext > keyFramesDart.size() - 1)
        ~~~~~~~~~~~~~~~~~~~^~~~~~~~~~~~~~~~~~~~~~~~~~
Finished building: ../src/main.cpp
 
Building target: ../../Debug/02-SkeletonAnimation
Invoking: GCC C++ Linker
g++ -L"/opt/codigo/openGL/ComputacionGraficaAvanzada/02-SkeletonAnimation/../Debug" -o "../../Debug/02-SkeletonAnimation"  ./src/main.o   -lglut -lglfw -lGLEW -lGLU -lGL -lfreeimage -lassimp -lCGALib
Finished building target: ../../Debug/02-SkeletonAnimation
 
13:45:33 **** Clean-only build of configuration Debug for project 03-Terrain ****
make clean 
rm -rf  ./src/main.o  ./src/main.d  ../../Debug/03-Terrain
 
13:45:33 **** Incremental Build of configuration Debug for project 03-Terrain ****
make all 
Building file: ../src/main.cpp
Invoking: GCC C++ Compiler
g++ -std=c++0x -I"/opt/codigo/openGL/ComputacionGraficaAvanzada/03-Terrain/../CGALib/include" -O0 -g3 -Wall -c -fmessage-length=0 -MMD -MP -MF"src/main.d" -MT"src/main.o" -o "src/main.o" "../src/main.cpp"
In file included from ../src/main.cpp:36:0:
/opt/codigo/openGL/ComputacionGraficaAvanzada/03-Terrain/../CGALib/include/Headers/AnimationUtils.h: In function ‘std::vector<std::vector<glm::mat<4, 4, float, (glm::qualifier)0> > > getKeyFrames(std::__cxx11::string)’:
/opt/codigo/openGL/ComputacionGraficaAvanzada/03-Terrain/../CGALib/include/Headers/AnimationUtils.h:70:8: warning: unused variable ‘j’ [-Wunused-variable]
    int j = 0;
        ^
../src/main.cpp: In function ‘void init(int, int, std::__cxx11::string, bool)’:
../src/main.cpp:296:20: warning: comparison between signed and unsigned integer expressions [-Wsign-compare]
  for (int i = 0; i < ARRAY_SIZE_IN_ELEMENTS(types); i++) {
                    ^
../src/main.cpp: In function ‘void applicationLoop()’:
../src/main.cpp:986:33: warning: comparison between signed and unsigned integer expressions [-Wsign-compare]
    if (indexFrameDartJointsNext > keyFramesDartJoints.size() - 1)
        ~~~~~~~~~~~~~~~~~~~~~~~~~^~~~~~~~~~~~~~~~~~~~~~~~~~~~~~~~
../src/main.cpp:1014:27: warning: comparison between signed and unsigned integer expressions [-Wsign-compare]
    if (indexFrameDartNext > keyFramesDart.size() - 1)
        ~~~~~~~~~~~~~~~~~~~^~~~~~~~~~~~~~~~~~~~~~~~~~
Finished building: ../src/main.cpp
 
Building target: ../../Debug/03-Terrain
Invoking: GCC C++ Linker
g++ -L"/opt/codigo/openGL/ComputacionGraficaAvanzada/03-Terrain/../Debug" -o "../../Debug/03-Terrain"  ./src/main.o   -lglut -lglfw -lGLEW -lGLU -lGL -lfreeimage -lassimp -lCGALib
Finished building target: ../../Debug/03-Terrain
 
13:45:37 **** Clean-only build of configuration Debug for project 04-TerrainBlendMap ****
make clean 
rm -rf  ./src/main.o  ./src/main.d  ../../Debug/04-TerrainBlendMap
 
13:45:37 **** Incremental Build of configuration Debug for project 04-TerrainBlendMap ****
make all 
Building file: ../src/main.cpp
Invoking: GCC C++ Compiler
g++ -std=c++0x -I"/opt/codigo/openGL/ComputacionGraficaAvanzada/04-TerrainBlendMap/../CGALib/include" -O0 -g3 -Wall -c -fmessage-length=0 -MMD -MP -MF"src/main.d" -MT"src/main.o" -o "src/main.o" "../src/main.cpp"
In file included from ../src/main.cpp:36:0:
/opt/codigo/openGL/ComputacionGraficaAvanzada/04-TerrainBlendMap/../CGALib/include/Headers/AnimationUtils.h: In function ‘std::vector<std::vector<glm::mat<4, 4, float, (glm::qualifier)0> > > getKeyFrames(std::__cxx11::string)’:
/opt/codigo/openGL/ComputacionGraficaAvanzada/04-TerrainBlendMap/../CGALib/include/Headers/AnimationUtils.h:70:8: warning: unused variable ‘j’ [-Wunused-variable]
    int j = 0;
        ^
../src/main.cpp: In function ‘void init(int, int, std::__cxx11::string, bool)’:
../src/main.cpp:296:20: warning: comparison between signed and unsigned integer expressions [-Wsign-compare]
  for (int i = 0; i < ARRAY_SIZE_IN_ELEMENTS(types); i++) {
                    ^
../src/main.cpp: In function ‘void applicationLoop()’:
../src/main.cpp:986:33: warning: comparison between signed and unsigned integer expressions [-Wsign-compare]
    if (indexFrameDartJointsNext > keyFramesDartJoints.size() - 1)
        ~~~~~~~~~~~~~~~~~~~~~~~~~^~~~~~~~~~~~~~~~~~~~~~~~~~~~~~~~
../src/main.cpp:1014:27: warning: comparison between signed and unsigned integer expressions [-Wsign-compare]
    if (indexFrameDartNext > keyFramesDart.size() - 1)
        ~~~~~~~~~~~~~~~~~~~^~~~~~~~~~~~~~~~~~~~~~~~~~
Finished building: ../src/main.cpp
 
Building target: ../../Debug/04-TerrainBlendMap
Invoking: GCC C++ Linker
g++ -L"/opt/codigo/openGL/ComputacionGraficaAvanzada/04-TerrainBlendMap/../Debug" -o "../../Debug/04-TerrainBlendMap"  ./src/main.o   -lglut -lglfw -lGLEW -lGLU -lGL -lfreeimage -lassimp -lCGALib
Finished building target: ../../Debug/04-TerrainBlendMap
 
13:45:40 **** Clean-only build of configuration Debug for project 05-MultipleLights ****
make clean 
rm -rf  ./src/main.o  ./src/main.d  ../../Debug/05-MultipleLights
 
13:45:40 **** Incremental Build of configuration Debug for project 05-MultipleLights ****
make all 
Building file: ../src/main.cpp
Invoking: GCC C++ Compiler
g++ -std=c++0x -I"/opt/codigo/openGL/ComputacionGraficaAvanzada/05-MultipleLights/../CGALib/include" -O0 -g3 -Wall -c -fmessage-length=0 -MMD -MP -MF"src/main.d" -MT"src/main.o" -o "src/main.o" "../src/main.cpp"
In file included from ../src/main.cpp:36:0:
/opt/codigo/openGL/ComputacionGraficaAvanzada/05-MultipleLights/../CGALib/include/Headers/AnimationUtils.h: In function ‘std::vector<std::vector<glm::mat<4, 4, float, (glm::qualifier)0> > > getKeyFrames(std::__cxx11::string)’:
/opt/codigo/openGL/ComputacionGraficaAvanzada/05-MultipleLights/../CGALib/include/Headers/AnimationUtils.h:70:8: warning: unused variable ‘j’ [-Wunused-variable]
    int j = 0;
        ^
../src/main.cpp: In function ‘void init(int, int, std::__cxx11::string, bool)’:
../src/main.cpp:296:20: warning: comparison between signed and unsigned integer expressions [-Wsign-compare]
  for (int i = 0; i < ARRAY_SIZE_IN_ELEMENTS(types); i++) {
                    ^
../src/main.cpp: In function ‘void applicationLoop()’:
../src/main.cpp:986:33: warning: comparison between signed and unsigned integer expressions [-Wsign-compare]
    if (indexFrameDartJointsNext > keyFramesDartJoints.size() - 1)
        ~~~~~~~~~~~~~~~~~~~~~~~~~^~~~~~~~~~~~~~~~~~~~~~~~~~~~~~~~
../src/main.cpp:1014:27: warning: comparison between signed and unsigned integer expressions [-Wsign-compare]
    if (indexFrameDartNext > keyFramesDart.size() - 1)
        ~~~~~~~~~~~~~~~~~~~^~~~~~~~~~~~~~~~~~~~~~~~~~
Finished building: ../src/main.cpp
 
Building target: ../../Debug/05-MultipleLights
Invoking: GCC C++ Linker
g++ -L"/opt/codigo/openGL/ComputacionGraficaAvanzada/05-MultipleLights/../Debug" -o "../../Debug/05-MultipleLights"  ./src/main.o   -lglut -lglfw -lGLEW -lGLU -lGL -lfreeimage -lassimp -lCGALib
Finished building target: ../../Debug/05-MultipleLights
 
13:45:43 **** Clean-only build of configuration Debug for project 06-CameraTPS ****
make clean 
rm -rf  ./src/main.o  ./src/main.d  ../../Debug/06-CameraTPS
 
13:45:44 **** Incremental Build of configuration Debug for project 06-CameraTPS ****
make all 
Building file: ../src/main.cpp
Invoking: GCC C++ Compiler
g++ -std=c++0x -I"/opt/codigo/openGL/ComputacionGraficaAvanzada/06-CameraTPS/../CGALib/include" -O0 -g3 -Wall -c -fmessage-length=0 -MMD -MP -MF"src/main.d" -MT"src/main.o" -o "src/main.o" "../src/main.cpp"
In file included from ../src/main.cpp:36:0:
/opt/codigo/openGL/ComputacionGraficaAvanzada/06-CameraTPS/../CGALib/include/Headers/AnimationUtils.h: In function ‘std::vector<std::vector<glm::mat<4, 4, float, (glm::qualifier)0> > > getKeyFrames(std::__cxx11::string)’:
/opt/codigo/openGL/ComputacionGraficaAvanzada/06-CameraTPS/../CGALib/include/Headers/AnimationUtils.h:70:8: warning: unused variable ‘j’ [-Wunused-variable]
    int j = 0;
        ^
../src/main.cpp: In function ‘void init(int, int, std::__cxx11::string, bool)’:
../src/main.cpp:296:20: warning: comparison between signed and unsigned integer expressions [-Wsign-compare]
  for (int i = 0; i < ARRAY_SIZE_IN_ELEMENTS(types); i++) {
                    ^
../src/main.cpp: In function ‘void applicationLoop()’:
../src/main.cpp:986:33: warning: comparison between signed and unsigned integer expressions [-Wsign-compare]
    if (indexFrameDartJointsNext > keyFramesDartJoints.size() - 1)
        ~~~~~~~~~~~~~~~~~~~~~~~~~^~~~~~~~~~~~~~~~~~~~~~~~~~~~~~~~
../src/main.cpp:1014:27: warning: comparison between signed and unsigned integer expressions [-Wsign-compare]
    if (indexFrameDartNext > keyFramesDart.size() - 1)
        ~~~~~~~~~~~~~~~~~~~^~~~~~~~~~~~~~~~~~~~~~~~~~
Finished building: ../src/main.cpp
 
Building target: ../../Debug/06-CameraTPS
Invoking: GCC C++ Linker
g++ -L"/opt/codigo/openGL/ComputacionGraficaAvanzada/06-CameraTPS/../Debug" -o "../../Debug/06-CameraTPS"  ./src/main.o   -lglut -lglfw -lGLEW -lGLU -lGL -lfreeimage -lassimp -lCGALib
Finished building target: ../../Debug/06-CameraTPS
 
13:45:47 **** Clean-only build of configuration Debug for project 07-Colisiones ****
make clean 
rm -rf  ./src/main.o  ./src/main.d  ../../Debug/07-Colisiones
 
13:45:47 **** Incremental Build of configuration Debug for project 07-Colisiones ****
make all 
Building file: ../src/main.cpp
Invoking: GCC C++ Compiler
g++ -std=c++0x -I"/opt/codigo/openGL/ComputacionGraficaAvanzada/07-Colisiones/../CGALib/include" -O0 -g3 -Wall -c -fmessage-length=0 -MMD -MP -MF"src/main.d" -MT"src/main.o" -o "src/main.o" "../src/main.cpp"
In file included from ../src/main.cpp:36:0:
/opt/codigo/openGL/ComputacionGraficaAvanzada/07-Colisiones/../CGALib/include/Headers/AnimationUtils.h: In function ‘std::vector<std::vector<glm::mat<4, 4, float, (glm::qualifier)0> > > getKeyFrames(std::__cxx11::string)’:
/opt/codigo/openGL/ComputacionGraficaAvanzada/07-Colisiones/../CGALib/include/Headers/AnimationUtils.h:70:8: warning: unused variable ‘j’ [-Wunused-variable]
    int j = 0;
        ^
../src/main.cpp: In function ‘void init(int, int, std::__cxx11::string, bool)’:
../src/main.cpp:296:20: warning: comparison between signed and unsigned integer expressions [-Wsign-compare]
  for (int i = 0; i < ARRAY_SIZE_IN_ELEMENTS(types); i++) {
                    ^
../src/main.cpp: In function ‘void applicationLoop()’:
../src/main.cpp:986:33: warning: comparison between signed and unsigned integer expressions [-Wsign-compare]
    if (indexFrameDartJointsNext > keyFramesDartJoints.size() - 1)
        ~~~~~~~~~~~~~~~~~~~~~~~~~^~~~~~~~~~~~~~~~~~~~~~~~~~~~~~~~
../src/main.cpp:1014:27: warning: comparison between signed and unsigned integer expressions [-Wsign-compare]
    if (indexFrameDartNext > keyFramesDart.size() - 1)
        ~~~~~~~~~~~~~~~~~~~^~~~~~~~~~~~~~~~~~~~~~~~~~
Finished building: ../src/main.cpp
 
Building target: ../../Debug/07-Colisiones
Invoking: GCC C++ Linker
g++ -L"/opt/codigo/openGL/ComputacionGraficaAvanzada/07-Colisiones/../Debug" -o "../../Debug/07-Colisiones"  ./src/main.o   -lglut -lglfw -lGLEW -lGLU -lGL -lfreeimage -lassimp -lCGALib
Finished building target: ../../Debug/07-Colisiones
 
13:45:50 **** Clean-only build of configuration Debug for project 08-DepthTesting ****
make clean 
rm -rf  ./src/main.o  ./src/main.d  ../../Debug/08-DepthTesting
 
13:45:50 **** Incremental Build of configuration Debug for project 08-DepthTesting ****
make all 
Building file: ../src/main.cpp
Invoking: GCC C++ Compiler
g++ -std=c++0x -I"/opt/codigo/openGL/ComputacionGraficaAvanzada/08-DepthTesting/../CGALib/include" -O0 -g3 -Wall -c -fmessage-length=0 -MMD -MP -MF"src/main.d" -MT"src/main.o" -o "src/main.o" "../src/main.cpp"
In file included from ../src/main.cpp:36:0:
/opt/codigo/openGL/ComputacionGraficaAvanzada/08-DepthTesting/../CGALib/include/Headers/AnimationUtils.h: In function ‘std::vector<std::vector<glm::mat<4, 4, float, (glm::qualifier)0> > > getKeyFrames(std::__cxx11::string)’:
/opt/codigo/openGL/ComputacionGraficaAvanzada/08-DepthTesting/../CGALib/include/Headers/AnimationUtils.h:70:8: warning: unused variable ‘j’ [-Wunused-variable]
    int j = 0;
        ^
../src/main.cpp: In function ‘void init(int, int, std::__cxx11::string, bool)’:
../src/main.cpp:296:20: warning: comparison between signed and unsigned integer expressions [-Wsign-compare]
  for (int i = 0; i < ARRAY_SIZE_IN_ELEMENTS(types); i++) {
                    ^
../src/main.cpp: In function ‘void applicationLoop()’:
../src/main.cpp:986:33: warning: comparison between signed and unsigned integer expressions [-Wsign-compare]
    if (indexFrameDartJointsNext > keyFramesDartJoints.size() - 1)
        ~~~~~~~~~~~~~~~~~~~~~~~~~^~~~~~~~~~~~~~~~~~~~~~~~~~~~~~~~
../src/main.cpp:1014:27: warning: comparison between signed and unsigned integer expressions [-Wsign-compare]
    if (indexFrameDartNext > keyFramesDart.size() - 1)
        ~~~~~~~~~~~~~~~~~~~^~~~~~~~~~~~~~~~~~~~~~~~~~
Finished building: ../src/main.cpp
 
Building target: ../../Debug/08-DepthTesting
Invoking: GCC C++ Linker
g++ -L"/opt/codigo/openGL/ComputacionGraficaAvanzada/08-DepthTesting/../Debug" -o "../../Debug/08-DepthTesting"  ./src/main.o   -lglut -lglfw -lGLEW -lGLU -lGL -lfreeimage -lassimp -lCGALib
Finished building target: ../../Debug/08-DepthTesting
 
13:45:53 **** Clean-only build of configuration Debug for project 09-Blending ****
make clean 
rm -rf  ./src/main.o  ./src/main.d  ../../Debug/09-Blending
 
13:45:53 **** Incremental Build of configuration Debug for project 09-Blending ****
make all 
Building file: ../src/main.cpp
Invoking: GCC C++ Compiler
g++ -std=c++0x -I"/opt/codigo/openGL/ComputacionGraficaAvanzada/09-Blending/../CGALib/include" -O0 -g3 -Wall -c -fmessage-length=0 -MMD -MP -MF"src/main.d" -MT"src/main.o" -o "src/main.o" "../src/main.cpp"
In file included from ../src/main.cpp:36:0:
/opt/codigo/openGL/ComputacionGraficaAvanzada/09-Blending/../CGALib/include/Headers/AnimationUtils.h: In function ‘std::vector<std::vector<glm::mat<4, 4, float, (glm::qualifier)0> > > getKeyFrames(std::__cxx11::string)’:
/opt/codigo/openGL/ComputacionGraficaAvanzada/09-Blending/../CGALib/include/Headers/AnimationUtils.h:70:8: warning: unused variable ‘j’ [-Wunused-variable]
    int j = 0;
        ^
../src/main.cpp: In function ‘void init(int, int, std::__cxx11::string, bool)’:
../src/main.cpp:296:20: warning: comparison between signed and unsigned integer expressions [-Wsign-compare]
  for (int i = 0; i < ARRAY_SIZE_IN_ELEMENTS(types); i++) {
                    ^
../src/main.cpp: In function ‘void applicationLoop()’:
../src/main.cpp:986:33: warning: comparison between signed and unsigned integer expressions [-Wsign-compare]
    if (indexFrameDartJointsNext > keyFramesDartJoints.size() - 1)
        ~~~~~~~~~~~~~~~~~~~~~~~~~^~~~~~~~~~~~~~~~~~~~~~~~~~~~~~~~
../src/main.cpp:1014:27: warning: comparison between signed and unsigned integer expressions [-Wsign-compare]
    if (indexFrameDartNext > keyFramesDart.size() - 1)
        ~~~~~~~~~~~~~~~~~~~^~~~~~~~~~~~~~~~~~~~~~~~~~
Finished building: ../src/main.cpp
 
Building target: ../../Debug/09-Blending
Invoking: GCC C++ Linker
g++ -L"/opt/codigo/openGL/ComputacionGraficaAvanzada/09-Blending/../Debug" -o "../../Debug/09-Blending"  ./src/main.o   -lglut -lglfw -lGLEW -lGLU -lGL -lfreeimage -lassimp -lCGALib
Finished building target: ../../Debug/09-Blending
 
13:45:56 **** Clean-only build of configuration Debug for project 10-Fog ****
make clean 
rm -rf  ./src/main.o  ./src/main.d  ../../Debug/10-Fog
 
13:45:57 **** Incremental Build of configuration Debug for project 10-Fog ****
make all 
Building file: ../src/main.cpp
Invoking: GCC C++ Compiler
g++ -std=c++0x -I"/opt/codigo/openGL/ComputacionGraficaAvanzada/10-Fog/../CGALib/include" -O0 -g3 -Wall -c -fmessage-length=0 -MMD -MP -MF"src/main.d" -MT"src/main.o" -o "src/main.o" "../src/main.cpp"
In file included from ../src/main.cpp:36:0:
/opt/codigo/openGL/ComputacionGraficaAvanzada/10-Fog/../CGALib/include/Headers/AnimationUtils.h: In function ‘std::vector<std::vector<glm::mat<4, 4, float, (glm::qualifier)0> > > getKeyFrames(std::__cxx11::string)’:
/opt/codigo/openGL/ComputacionGraficaAvanzada/10-Fog/../CGALib/include/Headers/AnimationUtils.h:70:8: warning: unused variable ‘j’ [-Wunused-variable]
    int j = 0;
        ^
../src/main.cpp: In function ‘void init(int, int, std::__cxx11::string, bool)’:
../src/main.cpp:296:20: warning: comparison between signed and unsigned integer expressions [-Wsign-compare]
  for (int i = 0; i < ARRAY_SIZE_IN_ELEMENTS(types); i++) {
                    ^
../src/main.cpp: In function ‘void applicationLoop()’:
../src/main.cpp:986:33: warning: comparison between signed and unsigned integer expressions [-Wsign-compare]
    if (indexFrameDartJointsNext > keyFramesDartJoints.size() - 1)
        ~~~~~~~~~~~~~~~~~~~~~~~~~^~~~~~~~~~~~~~~~~~~~~~~~~~~~~~~~
../src/main.cpp:1014:27: warning: comparison between signed and unsigned integer expressions [-Wsign-compare]
    if (indexFrameDartNext > keyFramesDart.size() - 1)
        ~~~~~~~~~~~~~~~~~~~^~~~~~~~~~~~~~~~~~~~~~~~~~
Finished building: ../src/main.cpp
 
Building target: ../../Debug/10-Fog
Invoking: GCC C++ Linker
g++ -L"/opt/codigo/openGL/ComputacionGraficaAvanzada/10-Fog/../Debug" -o "../../Debug/10-Fog"  ./src/main.o   -lglut -lglfw -lGLEW -lGLU -lGL -lfreeimage -lassimp -lCGALib
Finished building target: ../../Debug/10-Fog
 
13:46:00 **** Clean-only build of configuration Debug for project 11-Particulas ****
make clean 
rm -rf  ./src/main.o  ./src/main.d  ../../Debug/11-Particulas
 
13:46:00 **** Incremental Build of configuration Debug for project 11-Particulas ****
make all 
Building file: ../src/main.cpp
Invoking: GCC C++ Compiler
g++ -std=c++0x -I"/opt/codigo/openGL/ComputacionGraficaAvanzada/11-Particulas/../CGALib/include" -O0 -g3 -Wall -c -fmessage-length=0 -MMD -MP -MF"src/main.d" -MT"src/main.o" -o "src/main.o" "../src/main.cpp"
In file included from ../src/main.cpp:36:0:
/opt/codigo/openGL/ComputacionGraficaAvanzada/11-Particulas/../CGALib/include/Headers/AnimationUtils.h: In function ‘std::vector<std::vector<glm::mat<4, 4, float, (glm::qualifier)0> > > getKeyFrames(std::__cxx11::string)’:
/opt/codigo/openGL/ComputacionGraficaAvanzada/11-Particulas/../CGALib/include/Headers/AnimationUtils.h:70:8: warning: unused variable ‘j’ [-Wunused-variable]
    int j = 0;
        ^
../src/main.cpp: In function ‘void init(int, int, std::__cxx11::string, bool)’:
../src/main.cpp:296:20: warning: comparison between signed and unsigned integer expressions [-Wsign-compare]
  for (int i = 0; i < ARRAY_SIZE_IN_ELEMENTS(types); i++) {
                    ^
../src/main.cpp: In function ‘void applicationLoop()’:
../src/main.cpp:986:33: warning: comparison between signed and unsigned integer expressions [-Wsign-compare]
    if (indexFrameDartJointsNext > keyFramesDartJoints.size() - 1)
        ~~~~~~~~~~~~~~~~~~~~~~~~~^~~~~~~~~~~~~~~~~~~~~~~~~~~~~~~~
../src/main.cpp:1014:27: warning: comparison between signed and unsigned integer expressions [-Wsign-compare]
    if (indexFrameDartNext > keyFramesDart.size() - 1)
        ~~~~~~~~~~~~~~~~~~~^~~~~~~~~~~~~~~~~~~~~~~~~~
Finished building: ../src/main.cpp
 
Building target: ../../Debug/11-Particulas
Invoking: GCC C++ Linker
g++ -L"/opt/codigo/openGL/ComputacionGraficaAvanzada/11-Particulas/../Debug" -o "../../Debug/11-Particulas"  ./src/main.o   -lglut -lglfw -lGLEW -lGLU -lGL -lfreeimage -lassimp -lCGALib
Finished building target: ../../Debug/11-Particulas
 
13:46:03 **** Clean-only build of configuration Debug for project 12-ParticulasFeedback ****
make clean 
rm -rf  ./src/main.o  ./src/main.d  ../../Debug/12-ParticulasFeedback
 
13:46:03 **** Incremental Build of configuration Debug for project 12-ParticulasFeedback ****
make all 
Building file: ../src/main.cpp
Invoking: GCC C++ Compiler
g++ -std=c++0x -I"/opt/codigo/openGL/ComputacionGraficaAvanzada/12-ParticulasFeedback/../CGALib/include" -O0 -g3 -Wall -c -fmessage-length=0 -MMD -MP -MF"src/main.d" -MT"src/main.o" -o "src/main.o" "../src/main.cpp"
In file included from ../src/main.cpp:36:0:
/opt/codigo/openGL/ComputacionGraficaAvanzada/12-ParticulasFeedback/../CGALib/include/Headers/AnimationUtils.h: In function ‘std::vector<std::vector<glm::mat<4, 4, float, (glm::qualifier)0> > > getKeyFrames(std::__cxx11::string)’:
/opt/codigo/openGL/ComputacionGraficaAvanzada/12-ParticulasFeedback/../CGALib/include/Headers/AnimationUtils.h:70:8: warning: unused variable ‘j’ [-Wunused-variable]
    int j = 0;
        ^
../src/main.cpp: In function ‘void init(int, int, std::__cxx11::string, bool)’:
../src/main.cpp:296:20: warning: comparison between signed and unsigned integer expressions [-Wsign-compare]
  for (int i = 0; i < ARRAY_SIZE_IN_ELEMENTS(types); i++) {
                    ^
../src/main.cpp: In function ‘void applicationLoop()’:
../src/main.cpp:986:33: warning: comparison between signed and unsigned integer expressions [-Wsign-compare]
    if (indexFrameDartJointsNext > keyFramesDartJoints.size() - 1)
        ~~~~~~~~~~~~~~~~~~~~~~~~~^~~~~~~~~~~~~~~~~~~~~~~~~~~~~~~~
../src/main.cpp:1014:27: warning: comparison between signed and unsigned integer expressions [-Wsign-compare]
    if (indexFrameDartNext > keyFramesDart.size() - 1)
        ~~~~~~~~~~~~~~~~~~~^~~~~~~~~~~~~~~~~~~~~~~~~~
Finished building: ../src/main.cpp
 
Building target: ../../Debug/12-ParticulasFeedback
Invoking: GCC C++ Linker
g++ -L"/opt/codigo/openGL/ComputacionGraficaAvanzada/12-ParticulasFeedback/../Debug" -o "../../Debug/12-ParticulasFeedback"  ./src/main.o   -lglut -lglfw -lGLEW -lGLU -lGL -lfreeimage -lassimp -lCGALib
Finished building target: ../../Debug/12-ParticulasFeedback
 
13:46:06 **** Clean-only build of configuration Debug for project 13-ShadowMapping ****
make clean 
rm -rf  ./src/main.o  ./src/main.d  ../../Debug/13-ShadowMapping
 
13:46:06 **** Incremental Build of configuration Debug for project 13-ShadowMapping ****
make all 
Building file: ../src/main.cpp
Invoking: GCC C++ Compiler
g++ -std=c++0x -I"/opt/codigo/openGL/ComputacionGraficaAvanzada/13-ShadowMapping/../CGALib/include" -O0 -g3 -Wall -c -fmessage-length=0 -MMD -MP -MF"src/main.d" -MT"src/main.o" -o "src/main.o" "../src/main.cpp"
In file included from ../src/main.cpp:36:0:
/opt/codigo/openGL/ComputacionGraficaAvanzada/13-ShadowMapping/../CGALib/include/Headers/AnimationUtils.h: In function ‘std::vector<std::vector<glm::mat<4, 4, float, (glm::qualifier)0> > > getKeyFrames(std::__cxx11::string)’:
/opt/codigo/openGL/ComputacionGraficaAvanzada/13-ShadowMapping/../CGALib/include/Headers/AnimationUtils.h:70:8: warning: unused variable ‘j’ [-Wunused-variable]
    int j = 0;
        ^
../src/main.cpp: In function ‘void init(int, int, std::__cxx11::string, bool)’:
../src/main.cpp:296:20: warning: comparison between signed and unsigned integer expressions [-Wsign-compare]
  for (int i = 0; i < ARRAY_SIZE_IN_ELEMENTS(types); i++) {
                    ^
../src/main.cpp: In function ‘void applicationLoop()’:
../src/main.cpp:986:33: warning: comparison between signed and unsigned integer expressions [-Wsign-compare]
    if (indexFrameDartJointsNext > keyFramesDartJoints.size() - 1)
        ~~~~~~~~~~~~~~~~~~~~~~~~~^~~~~~~~~~~~~~~~~~~~~~~~~~~~~~~~
../src/main.cpp:1014:27: warning: comparison between signed and unsigned integer expressions [-Wsign-compare]
    if (indexFrameDartNext > keyFramesDart.size() - 1)
        ~~~~~~~~~~~~~~~~~~~^~~~~~~~~~~~~~~~~~~~~~~~~~
Finished building: ../src/main.cpp
 
Building target: ../../Debug/13-ShadowMapping
Invoking: GCC C++ Linker
g++ -L"/opt/codigo/openGL/ComputacionGraficaAvanzada/13-ShadowMapping/../Debug" -o "../../Debug/13-ShadowMapping"  ./src/main.o   -lglut -lglfw -lGLEW -lGLU -lGL -lfreeimage -lassimp -lCGALib
Finished building target: ../../Debug/13-ShadowMapping
 
13:46:09 **** Clean-only build of configuration Debug for project 14-OpenAL ****
make clean 
rm -rf  ./src/main.o  ./src/main.d  ../../Debug/14-OpenAL
 
13:46:09 **** Incremental Build of configuration Debug for project 14-OpenAL ****
make all 
Building file: ../src/main.cpp
Invoking: GCC C++ Compiler
g++ -std=c++0x -I"/opt/codigo/openGL/ComputacionGraficaAvanzada/14-OpenAL/../CGALib/include" -O0 -g3 -Wall -c -fmessage-length=0 -MMD -MP -MF"src/main.d" -MT"src/main.o" -o "src/main.o" "../src/main.cpp"
In file included from ../src/main.cpp:36:0:
/opt/codigo/openGL/ComputacionGraficaAvanzada/14-OpenAL/../CGALib/include/Headers/AnimationUtils.h: In function ‘std::vector<std::vector<glm::mat<4, 4, float, (glm::qualifier)0> > > getKeyFrames(std::__cxx11::string)’:
/opt/codigo/openGL/ComputacionGraficaAvanzada/14-OpenAL/../CGALib/include/Headers/AnimationUtils.h:70:8: warning: unused variable ‘j’ [-Wunused-variable]
    int j = 0;
        ^
../src/main.cpp: In function ‘void init(int, int, std::__cxx11::string, bool)’:
../src/main.cpp:296:20: warning: comparison between signed and unsigned integer expressions [-Wsign-compare]
  for (int i = 0; i < ARRAY_SIZE_IN_ELEMENTS(types); i++) {
                    ^
../src/main.cpp: In function ‘void applicationLoop()’:
../src/main.cpp:986:33: warning: comparison between signed and unsigned integer expressions [-Wsign-compare]
    if (indexFrameDartJointsNext > keyFramesDartJoints.size() - 1)
        ~~~~~~~~~~~~~~~~~~~~~~~~~^~~~~~~~~~~~~~~~~~~~~~~~~~~~~~~~
../src/main.cpp:1014:27: warning: comparison between signed and unsigned integer expressions [-Wsign-compare]
    if (indexFrameDartNext > keyFramesDart.size() - 1)
        ~~~~~~~~~~~~~~~~~~~^~~~~~~~~~~~~~~~~~~~~~~~~~
Finished building: ../src/main.cpp
 
Building target: ../../Debug/14-OpenAL
Invoking: GCC C++ Linker
g++ -L"/opt/codigo/openGL/ComputacionGraficaAvanzada/14-OpenAL/../Debug" -o "../../Debug/14-OpenAL"  ./src/main.o   -lglut -lglfw -lGLEW -lGLU -lGL -lfreeimage -lassimp -lCGALib
Finished building target: ../../Debug/14-OpenAL
 
